[2024-04-23T16:22:50.204+0000] {taskinstance.py:1103} INFO - Dependencies all met for dep_context=non-requeueable deps ti=<TaskInstance: extract_dag.extract_task manual__2024-04-23T16:22:47.870021+00:00 [queued]>
[2024-04-23T16:22:50.209+0000] {taskinstance.py:1103} INFO - Dependencies all met for dep_context=requeueable deps ti=<TaskInstance: extract_dag.extract_task manual__2024-04-23T16:22:47.870021+00:00 [queued]>
[2024-04-23T16:22:50.209+0000] {taskinstance.py:1308} INFO - Starting attempt 1 of 1
[2024-04-23T16:22:50.246+0000] {taskinstance.py:1327} INFO - Executing <Task(BashOperator): extract_task> on 2024-04-23 16:22:47.870021+00:00
[2024-04-23T16:22:50.249+0000] {standard_task_runner.py:57} INFO - Started process 19023 to run task
[2024-04-23T16:22:50.251+0000] {standard_task_runner.py:84} INFO - Running: ['airflow', 'tasks', 'run', 'extract_dag', 'extract_task', 'manual__2024-04-23T16:22:47.870021+00:00', '--job-id', '2', '--raw', '--subdir', 'DAGS_FOLDER/extract_dag.py', '--cfg-path', '/tmp/tmp34mfqaqs']
[2024-04-23T16:22:50.251+0000] {standard_task_runner.py:85} INFO - Job 2: Subtask extract_task
[2024-04-23T16:22:50.302+0000] {task_command.py:410} INFO - Running <TaskInstance: extract_dag.extract_task manual__2024-04-23T16:22:47.870021+00:00 [running]> on host codespaces-225cfe
[2024-04-23T16:22:50.396+0000] {taskinstance.py:1545} INFO - Exporting env vars: AIRFLOW_CTX_DAG_OWNER='airflow' AIRFLOW_CTX_DAG_ID='extract_dag' AIRFLOW_CTX_TASK_ID='extract_task' AIRFLOW_CTX_EXECUTION_DATE='2024-04-23T16:22:47.870021+00:00' AIRFLOW_CTX_TRY_NUMBER='1' AIRFLOW_CTX_DAG_RUN_ID='manual__2024-04-23T16:22:47.870021+00:00'
[2024-04-23T16:22:50.397+0000] {subprocess.py:63} INFO - Tmp dir root location: /tmp
[2024-04-23T16:22:50.397+0000] {subprocess.py:75} INFO - Running command: ['/usr/bin/bash', '-c', 'wget -c https://raw.githubusercontent.com/vinooganesh/hands-on-introduction-data-engineering-4395021-data-files/main/top-level-domain-names.csv -O /workspaces/hands-on-introduction-data-engineering-4395021/lab/orchestrated/airflow-extract-data.csv']
[2024-04-23T16:22:50.405+0000] {subprocess.py:86} INFO - Output:
[2024-04-23T16:22:50.442+0000] {subprocess.py:93} INFO - --2024-04-23 16:22:50--  https://raw.githubusercontent.com/vinooganesh/hands-on-introduction-data-engineering-4395021-data-files/main/top-level-domain-names.csv
[2024-04-23T16:22:50.447+0000] {subprocess.py:93} INFO - Resolving raw.githubusercontent.com (raw.githubusercontent.com)... 185.199.110.133, 185.199.108.133, 185.199.111.133, ...
[2024-04-23T16:22:50.449+0000] {subprocess.py:93} INFO - Connecting to raw.githubusercontent.com (raw.githubusercontent.com)|185.199.110.133|:443... connected.
[2024-04-23T16:22:50.652+0000] {subprocess.py:93} INFO - HTTP request sent, awaiting response... 200 OK
[2024-04-23T16:22:50.652+0000] {subprocess.py:93} INFO - Length: 42789 (42K) [text/plain]
[2024-04-23T16:22:50.652+0000] {subprocess.py:93} INFO - Saving to: ‘/workspaces/hands-on-introduction-data-engineering-4395021/lab/orchestrated/airflow-extract-data.csv’
[2024-04-23T16:22:50.653+0000] {subprocess.py:93} INFO - 
[2024-04-23T16:22:50.654+0000] {subprocess.py:93} INFO -      0K .......... .......... .......... .......... .         100% 18.6M=0.002s
[2024-04-23T16:22:50.654+0000] {subprocess.py:93} INFO - 
[2024-04-23T16:22:50.654+0000] {subprocess.py:93} INFO - 2024-04-23 16:22:50 (18.6 MB/s) - ‘/workspaces/hands-on-introduction-data-engineering-4395021/lab/orchestrated/airflow-extract-data.csv’ saved [42789/42789]
[2024-04-23T16:22:50.654+0000] {subprocess.py:93} INFO - 
[2024-04-23T16:22:50.655+0000] {subprocess.py:97} INFO - Command exited with return code 0
[2024-04-23T16:22:50.696+0000] {taskinstance.py:1345} INFO - Marking task as SUCCESS. dag_id=extract_dag, task_id=extract_task, execution_date=20240423T162247, start_date=20240423T162250, end_date=20240423T162250
[2024-04-23T16:22:50.743+0000] {local_task_job_runner.py:225} INFO - Task exited with return code 0
[2024-04-23T16:22:50.752+0000] {taskinstance.py:2653} INFO - 0 downstream tasks scheduled from follow-on schedule check
