[2024-04-22T14:30:25.982+0000] {processor.py:157} INFO - Started process (PID=12629) to work on /workspaces/hands-on-introduction-data-engineering-4395021/airflow/dags/two_task_dag.py
[2024-04-22T14:30:25.983+0000] {processor.py:826} INFO - Processing file /workspaces/hands-on-introduction-data-engineering-4395021/airflow/dags/two_task_dag.py for tasks to queue
[2024-04-22T14:30:25.983+0000] {logging_mixin.py:150} INFO - [2024-04-22T14:30:25.983+0000] {dagbag.py:541} INFO - Filling up the DagBag from /workspaces/hands-on-introduction-data-engineering-4395021/airflow/dags/two_task_dag.py
[2024-04-22T14:30:25.992+0000] {processor.py:836} INFO - DAG(s) dict_keys(['two_task_dag']) retrieved from /workspaces/hands-on-introduction-data-engineering-4395021/airflow/dags/two_task_dag.py
[2024-04-22T14:30:26.133+0000] {logging_mixin.py:150} INFO - [2024-04-22T14:30:26.133+0000] {manager.py:504} INFO - Created Permission View: can read on DAG:two_task_dag
[2024-04-22T14:30:26.168+0000] {logging_mixin.py:150} INFO - [2024-04-22T14:30:26.167+0000] {manager.py:504} INFO - Created Permission View: can edit on DAG:two_task_dag
[2024-04-22T14:30:26.204+0000] {logging_mixin.py:150} INFO - [2024-04-22T14:30:26.204+0000] {manager.py:504} INFO - Created Permission View: can delete on DAG:two_task_dag
[2024-04-22T14:30:26.212+0000] {logging_mixin.py:150} INFO - [2024-04-22T14:30:26.212+0000] {dag.py:2742} INFO - Sync 1 DAGs
[2024-04-22T14:30:26.221+0000] {logging_mixin.py:150} INFO - [2024-04-22T14:30:26.221+0000] {dag.py:2763} INFO - Creating ORM DAG for two_task_dag
[2024-04-22T14:30:26.230+0000] {logging_mixin.py:150} INFO - [2024-04-22T14:30:26.230+0000] {dag.py:3504} INFO - Setting next_dagrun for two_task_dag to None, run_after=None
[2024-04-22T14:30:26.271+0000] {processor.py:179} INFO - Processing /workspaces/hands-on-introduction-data-engineering-4395021/airflow/dags/two_task_dag.py took 0.292 seconds
[2024-04-22T14:30:57.359+0000] {processor.py:157} INFO - Started process (PID=12885) to work on /workspaces/hands-on-introduction-data-engineering-4395021/airflow/dags/two_task_dag.py
[2024-04-22T14:30:57.359+0000] {processor.py:826} INFO - Processing file /workspaces/hands-on-introduction-data-engineering-4395021/airflow/dags/two_task_dag.py for tasks to queue
[2024-04-22T14:30:57.360+0000] {logging_mixin.py:150} INFO - [2024-04-22T14:30:57.360+0000] {dagbag.py:541} INFO - Filling up the DagBag from /workspaces/hands-on-introduction-data-engineering-4395021/airflow/dags/two_task_dag.py
[2024-04-22T14:30:57.368+0000] {processor.py:836} INFO - DAG(s) dict_keys(['two_task_dag']) retrieved from /workspaces/hands-on-introduction-data-engineering-4395021/airflow/dags/two_task_dag.py
[2024-04-22T14:30:57.384+0000] {logging_mixin.py:150} INFO - [2024-04-22T14:30:57.384+0000] {dag.py:2742} INFO - Sync 1 DAGs
[2024-04-22T14:30:57.398+0000] {logging_mixin.py:150} INFO - [2024-04-22T14:30:57.398+0000] {dag.py:3504} INFO - Setting next_dagrun for two_task_dag to None, run_after=None
[2024-04-22T14:30:57.441+0000] {processor.py:179} INFO - Processing /workspaces/hands-on-introduction-data-engineering-4395021/airflow/dags/two_task_dag.py took 0.085 seconds
[2024-04-22T14:31:27.760+0000] {processor.py:157} INFO - Started process (PID=13201) to work on /workspaces/hands-on-introduction-data-engineering-4395021/airflow/dags/two_task_dag.py
[2024-04-22T14:31:27.760+0000] {processor.py:826} INFO - Processing file /workspaces/hands-on-introduction-data-engineering-4395021/airflow/dags/two_task_dag.py for tasks to queue
[2024-04-22T14:31:27.761+0000] {logging_mixin.py:150} INFO - [2024-04-22T14:31:27.761+0000] {dagbag.py:541} INFO - Filling up the DagBag from /workspaces/hands-on-introduction-data-engineering-4395021/airflow/dags/two_task_dag.py
[2024-04-22T14:31:27.768+0000] {processor.py:836} INFO - DAG(s) dict_keys(['two_task_dag']) retrieved from /workspaces/hands-on-introduction-data-engineering-4395021/airflow/dags/two_task_dag.py
[2024-04-22T14:31:27.784+0000] {logging_mixin.py:150} INFO - [2024-04-22T14:31:27.784+0000] {dag.py:2742} INFO - Sync 1 DAGs
[2024-04-22T14:31:27.802+0000] {logging_mixin.py:150} INFO - [2024-04-22T14:31:27.801+0000] {dag.py:3504} INFO - Setting next_dagrun for two_task_dag to None, run_after=None
[2024-04-22T14:31:27.855+0000] {processor.py:179} INFO - Processing /workspaces/hands-on-introduction-data-engineering-4395021/airflow/dags/two_task_dag.py took 0.098 seconds
[2024-04-22T14:31:58.291+0000] {processor.py:157} INFO - Started process (PID=13383) to work on /workspaces/hands-on-introduction-data-engineering-4395021/airflow/dags/two_task_dag.py
[2024-04-22T14:31:58.292+0000] {processor.py:826} INFO - Processing file /workspaces/hands-on-introduction-data-engineering-4395021/airflow/dags/two_task_dag.py for tasks to queue
[2024-04-22T14:31:58.292+0000] {logging_mixin.py:150} INFO - [2024-04-22T14:31:58.292+0000] {dagbag.py:541} INFO - Filling up the DagBag from /workspaces/hands-on-introduction-data-engineering-4395021/airflow/dags/two_task_dag.py
[2024-04-22T14:31:58.300+0000] {processor.py:836} INFO - DAG(s) dict_keys(['two_task_dag']) retrieved from /workspaces/hands-on-introduction-data-engineering-4395021/airflow/dags/two_task_dag.py
[2024-04-22T14:31:58.315+0000] {logging_mixin.py:150} INFO - [2024-04-22T14:31:58.315+0000] {dag.py:2742} INFO - Sync 1 DAGs
[2024-04-22T14:31:58.329+0000] {logging_mixin.py:150} INFO - [2024-04-22T14:31:58.329+0000] {dag.py:3504} INFO - Setting next_dagrun for two_task_dag to None, run_after=None
[2024-04-22T14:31:58.377+0000] {processor.py:179} INFO - Processing /workspaces/hands-on-introduction-data-engineering-4395021/airflow/dags/two_task_dag.py took 0.088 seconds
[2024-04-22T14:32:30.145+0000] {processor.py:157} INFO - Started process (PID=13598) to work on /workspaces/hands-on-introduction-data-engineering-4395021/airflow/dags/two_task_dag.py
[2024-04-22T14:32:30.145+0000] {processor.py:826} INFO - Processing file /workspaces/hands-on-introduction-data-engineering-4395021/airflow/dags/two_task_dag.py for tasks to queue
[2024-04-22T14:32:30.146+0000] {logging_mixin.py:150} INFO - [2024-04-22T14:32:30.146+0000] {dagbag.py:541} INFO - Filling up the DagBag from /workspaces/hands-on-introduction-data-engineering-4395021/airflow/dags/two_task_dag.py
[2024-04-22T14:32:30.154+0000] {processor.py:836} INFO - DAG(s) dict_keys(['two_task_dag']) retrieved from /workspaces/hands-on-introduction-data-engineering-4395021/airflow/dags/two_task_dag.py
[2024-04-22T14:32:30.170+0000] {logging_mixin.py:150} INFO - [2024-04-22T14:32:30.170+0000] {dag.py:2742} INFO - Sync 1 DAGs
[2024-04-22T14:32:30.184+0000] {logging_mixin.py:150} INFO - [2024-04-22T14:32:30.184+0000] {dag.py:3504} INFO - Setting next_dagrun for two_task_dag to None, run_after=None
[2024-04-22T14:32:30.225+0000] {processor.py:179} INFO - Processing /workspaces/hands-on-introduction-data-engineering-4395021/airflow/dags/two_task_dag.py took 0.082 seconds
[2024-04-22T14:33:01.053+0000] {processor.py:157} INFO - Started process (PID=13773) to work on /workspaces/hands-on-introduction-data-engineering-4395021/airflow/dags/two_task_dag.py
[2024-04-22T14:33:01.054+0000] {processor.py:826} INFO - Processing file /workspaces/hands-on-introduction-data-engineering-4395021/airflow/dags/two_task_dag.py for tasks to queue
[2024-04-22T14:33:01.055+0000] {logging_mixin.py:150} INFO - [2024-04-22T14:33:01.054+0000] {dagbag.py:541} INFO - Filling up the DagBag from /workspaces/hands-on-introduction-data-engineering-4395021/airflow/dags/two_task_dag.py
[2024-04-22T14:33:01.063+0000] {processor.py:836} INFO - DAG(s) dict_keys(['two_task_dag']) retrieved from /workspaces/hands-on-introduction-data-engineering-4395021/airflow/dags/two_task_dag.py
[2024-04-22T14:33:01.136+0000] {logging_mixin.py:150} INFO - [2024-04-22T14:33:01.136+0000] {dag.py:2742} INFO - Sync 1 DAGs
[2024-04-22T14:33:01.224+0000] {logging_mixin.py:150} INFO - [2024-04-22T14:33:01.223+0000] {dag.py:3504} INFO - Setting next_dagrun for two_task_dag to None, run_after=None
[2024-04-22T14:33:01.388+0000] {processor.py:179} INFO - Processing /workspaces/hands-on-introduction-data-engineering-4395021/airflow/dags/two_task_dag.py took 0.337 seconds
[2024-04-22T14:33:31.852+0000] {processor.py:157} INFO - Started process (PID=13956) to work on /workspaces/hands-on-introduction-data-engineering-4395021/airflow/dags/two_task_dag.py
[2024-04-22T14:33:31.853+0000] {processor.py:826} INFO - Processing file /workspaces/hands-on-introduction-data-engineering-4395021/airflow/dags/two_task_dag.py for tasks to queue
[2024-04-22T14:33:31.854+0000] {logging_mixin.py:150} INFO - [2024-04-22T14:33:31.853+0000] {dagbag.py:541} INFO - Filling up the DagBag from /workspaces/hands-on-introduction-data-engineering-4395021/airflow/dags/two_task_dag.py
[2024-04-22T14:33:31.864+0000] {processor.py:836} INFO - DAG(s) dict_keys(['two_task_dag']) retrieved from /workspaces/hands-on-introduction-data-engineering-4395021/airflow/dags/two_task_dag.py
[2024-04-22T14:33:31.955+0000] {logging_mixin.py:150} INFO - [2024-04-22T14:33:31.955+0000] {dag.py:2742} INFO - Sync 1 DAGs
[2024-04-22T14:33:32.148+0000] {logging_mixin.py:150} INFO - [2024-04-22T14:33:32.148+0000] {dag.py:3504} INFO - Setting next_dagrun for two_task_dag to None, run_after=None
[2024-04-22T14:33:32.259+0000] {processor.py:179} INFO - Processing /workspaces/hands-on-introduction-data-engineering-4395021/airflow/dags/two_task_dag.py took 0.410 seconds
[2024-04-22T14:34:02.422+0000] {processor.py:157} INFO - Started process (PID=14139) to work on /workspaces/hands-on-introduction-data-engineering-4395021/airflow/dags/two_task_dag.py
[2024-04-22T14:34:02.422+0000] {processor.py:826} INFO - Processing file /workspaces/hands-on-introduction-data-engineering-4395021/airflow/dags/two_task_dag.py for tasks to queue
[2024-04-22T14:34:02.423+0000] {logging_mixin.py:150} INFO - [2024-04-22T14:34:02.423+0000] {dagbag.py:541} INFO - Filling up the DagBag from /workspaces/hands-on-introduction-data-engineering-4395021/airflow/dags/two_task_dag.py
[2024-04-22T14:34:02.431+0000] {processor.py:836} INFO - DAG(s) dict_keys(['two_task_dag']) retrieved from /workspaces/hands-on-introduction-data-engineering-4395021/airflow/dags/two_task_dag.py
[2024-04-22T14:34:02.447+0000] {logging_mixin.py:150} INFO - [2024-04-22T14:34:02.446+0000] {dag.py:2742} INFO - Sync 1 DAGs
[2024-04-22T14:34:02.461+0000] {logging_mixin.py:150} INFO - [2024-04-22T14:34:02.461+0000] {dag.py:3504} INFO - Setting next_dagrun for two_task_dag to None, run_after=None
[2024-04-22T14:34:02.504+0000] {processor.py:179} INFO - Processing /workspaces/hands-on-introduction-data-engineering-4395021/airflow/dags/two_task_dag.py took 0.085 seconds
[2024-04-22T14:34:32.587+0000] {processor.py:157} INFO - Started process (PID=14332) to work on /workspaces/hands-on-introduction-data-engineering-4395021/airflow/dags/two_task_dag.py
[2024-04-22T14:34:32.588+0000] {processor.py:826} INFO - Processing file /workspaces/hands-on-introduction-data-engineering-4395021/airflow/dags/two_task_dag.py for tasks to queue
[2024-04-22T14:34:32.589+0000] {logging_mixin.py:150} INFO - [2024-04-22T14:34:32.588+0000] {dagbag.py:541} INFO - Filling up the DagBag from /workspaces/hands-on-introduction-data-engineering-4395021/airflow/dags/two_task_dag.py
[2024-04-22T14:34:32.597+0000] {processor.py:836} INFO - DAG(s) dict_keys(['two_task_dag']) retrieved from /workspaces/hands-on-introduction-data-engineering-4395021/airflow/dags/two_task_dag.py
[2024-04-22T14:34:32.614+0000] {logging_mixin.py:150} INFO - [2024-04-22T14:34:32.614+0000] {dag.py:2742} INFO - Sync 1 DAGs
[2024-04-22T14:34:32.629+0000] {logging_mixin.py:150} INFO - [2024-04-22T14:34:32.629+0000] {dag.py:3504} INFO - Setting next_dagrun for two_task_dag to None, run_after=None
[2024-04-22T14:34:32.670+0000] {processor.py:179} INFO - Processing /workspaces/hands-on-introduction-data-engineering-4395021/airflow/dags/two_task_dag.py took 0.087 seconds
[2024-04-22T14:35:02.745+0000] {processor.py:157} INFO - Started process (PID=14509) to work on /workspaces/hands-on-introduction-data-engineering-4395021/airflow/dags/two_task_dag.py
[2024-04-22T14:35:02.745+0000] {processor.py:826} INFO - Processing file /workspaces/hands-on-introduction-data-engineering-4395021/airflow/dags/two_task_dag.py for tasks to queue
[2024-04-22T14:35:02.746+0000] {logging_mixin.py:150} INFO - [2024-04-22T14:35:02.746+0000] {dagbag.py:541} INFO - Filling up the DagBag from /workspaces/hands-on-introduction-data-engineering-4395021/airflow/dags/two_task_dag.py
[2024-04-22T14:35:02.753+0000] {processor.py:836} INFO - DAG(s) dict_keys(['two_task_dag']) retrieved from /workspaces/hands-on-introduction-data-engineering-4395021/airflow/dags/two_task_dag.py
[2024-04-22T14:35:02.768+0000] {logging_mixin.py:150} INFO - [2024-04-22T14:35:02.768+0000] {dag.py:2742} INFO - Sync 1 DAGs
[2024-04-22T14:35:02.783+0000] {logging_mixin.py:150} INFO - [2024-04-22T14:35:02.783+0000] {dag.py:3504} INFO - Setting next_dagrun for two_task_dag to None, run_after=None
[2024-04-22T14:35:02.823+0000] {processor.py:179} INFO - Processing /workspaces/hands-on-introduction-data-engineering-4395021/airflow/dags/two_task_dag.py took 0.082 seconds
[2024-04-22T14:35:32.906+0000] {processor.py:157} INFO - Started process (PID=14693) to work on /workspaces/hands-on-introduction-data-engineering-4395021/airflow/dags/two_task_dag.py
[2024-04-22T14:35:32.907+0000] {processor.py:826} INFO - Processing file /workspaces/hands-on-introduction-data-engineering-4395021/airflow/dags/two_task_dag.py for tasks to queue
[2024-04-22T14:35:32.908+0000] {logging_mixin.py:150} INFO - [2024-04-22T14:35:32.907+0000] {dagbag.py:541} INFO - Filling up the DagBag from /workspaces/hands-on-introduction-data-engineering-4395021/airflow/dags/two_task_dag.py
[2024-04-22T14:35:32.915+0000] {processor.py:836} INFO - DAG(s) dict_keys(['two_task_dag']) retrieved from /workspaces/hands-on-introduction-data-engineering-4395021/airflow/dags/two_task_dag.py
[2024-04-22T14:35:32.931+0000] {logging_mixin.py:150} INFO - [2024-04-22T14:35:32.931+0000] {dag.py:2742} INFO - Sync 1 DAGs
[2024-04-22T14:35:32.948+0000] {logging_mixin.py:150} INFO - [2024-04-22T14:35:32.948+0000] {dag.py:3504} INFO - Setting next_dagrun for two_task_dag to None, run_after=None
[2024-04-22T14:35:32.987+0000] {processor.py:179} INFO - Processing /workspaces/hands-on-introduction-data-engineering-4395021/airflow/dags/two_task_dag.py took 0.083 seconds
[2024-04-22T14:36:03.068+0000] {processor.py:157} INFO - Started process (PID=14874) to work on /workspaces/hands-on-introduction-data-engineering-4395021/airflow/dags/two_task_dag.py
[2024-04-22T14:36:03.068+0000] {processor.py:826} INFO - Processing file /workspaces/hands-on-introduction-data-engineering-4395021/airflow/dags/two_task_dag.py for tasks to queue
[2024-04-22T14:36:03.069+0000] {logging_mixin.py:150} INFO - [2024-04-22T14:36:03.069+0000] {dagbag.py:541} INFO - Filling up the DagBag from /workspaces/hands-on-introduction-data-engineering-4395021/airflow/dags/two_task_dag.py
[2024-04-22T14:36:03.077+0000] {processor.py:836} INFO - DAG(s) dict_keys(['two_task_dag']) retrieved from /workspaces/hands-on-introduction-data-engineering-4395021/airflow/dags/two_task_dag.py
[2024-04-22T14:36:03.093+0000] {logging_mixin.py:150} INFO - [2024-04-22T14:36:03.093+0000] {dag.py:2742} INFO - Sync 1 DAGs
[2024-04-22T14:36:03.108+0000] {logging_mixin.py:150} INFO - [2024-04-22T14:36:03.108+0000] {dag.py:3504} INFO - Setting next_dagrun for two_task_dag to None, run_after=None
[2024-04-22T14:36:03.148+0000] {processor.py:179} INFO - Processing /workspaces/hands-on-introduction-data-engineering-4395021/airflow/dags/two_task_dag.py took 0.083 seconds
[2024-04-22T14:36:33.227+0000] {processor.py:157} INFO - Started process (PID=15070) to work on /workspaces/hands-on-introduction-data-engineering-4395021/airflow/dags/two_task_dag.py
[2024-04-22T14:36:33.228+0000] {processor.py:826} INFO - Processing file /workspaces/hands-on-introduction-data-engineering-4395021/airflow/dags/two_task_dag.py for tasks to queue
[2024-04-22T14:36:33.229+0000] {logging_mixin.py:150} INFO - [2024-04-22T14:36:33.228+0000] {dagbag.py:541} INFO - Filling up the DagBag from /workspaces/hands-on-introduction-data-engineering-4395021/airflow/dags/two_task_dag.py
[2024-04-22T14:36:33.237+0000] {processor.py:836} INFO - DAG(s) dict_keys(['two_task_dag']) retrieved from /workspaces/hands-on-introduction-data-engineering-4395021/airflow/dags/two_task_dag.py
[2024-04-22T14:36:33.253+0000] {logging_mixin.py:150} INFO - [2024-04-22T14:36:33.252+0000] {dag.py:2742} INFO - Sync 1 DAGs
[2024-04-22T14:36:33.268+0000] {logging_mixin.py:150} INFO - [2024-04-22T14:36:33.268+0000] {dag.py:3504} INFO - Setting next_dagrun for two_task_dag to None, run_after=None
[2024-04-22T14:36:33.308+0000] {processor.py:179} INFO - Processing /workspaces/hands-on-introduction-data-engineering-4395021/airflow/dags/two_task_dag.py took 0.084 seconds
[2024-04-22T14:37:03.389+0000] {processor.py:157} INFO - Started process (PID=15246) to work on /workspaces/hands-on-introduction-data-engineering-4395021/airflow/dags/two_task_dag.py
[2024-04-22T14:37:03.389+0000] {processor.py:826} INFO - Processing file /workspaces/hands-on-introduction-data-engineering-4395021/airflow/dags/two_task_dag.py for tasks to queue
[2024-04-22T14:37:03.390+0000] {logging_mixin.py:150} INFO - [2024-04-22T14:37:03.390+0000] {dagbag.py:541} INFO - Filling up the DagBag from /workspaces/hands-on-introduction-data-engineering-4395021/airflow/dags/two_task_dag.py
[2024-04-22T14:37:03.398+0000] {processor.py:836} INFO - DAG(s) dict_keys(['two_task_dag']) retrieved from /workspaces/hands-on-introduction-data-engineering-4395021/airflow/dags/two_task_dag.py
[2024-04-22T14:37:03.417+0000] {logging_mixin.py:150} INFO - [2024-04-22T14:37:03.417+0000] {dag.py:2742} INFO - Sync 1 DAGs
[2024-04-22T14:37:03.433+0000] {logging_mixin.py:150} INFO - [2024-04-22T14:37:03.433+0000] {dag.py:3504} INFO - Setting next_dagrun for two_task_dag to None, run_after=None
[2024-04-22T14:37:03.477+0000] {processor.py:179} INFO - Processing /workspaces/hands-on-introduction-data-engineering-4395021/airflow/dags/two_task_dag.py took 0.090 seconds
[2024-04-22T14:37:33.562+0000] {processor.py:157} INFO - Started process (PID=15440) to work on /workspaces/hands-on-introduction-data-engineering-4395021/airflow/dags/two_task_dag.py
[2024-04-22T14:37:33.563+0000] {processor.py:826} INFO - Processing file /workspaces/hands-on-introduction-data-engineering-4395021/airflow/dags/two_task_dag.py for tasks to queue
[2024-04-22T14:37:33.564+0000] {logging_mixin.py:150} INFO - [2024-04-22T14:37:33.563+0000] {dagbag.py:541} INFO - Filling up the DagBag from /workspaces/hands-on-introduction-data-engineering-4395021/airflow/dags/two_task_dag.py
[2024-04-22T14:37:33.572+0000] {processor.py:836} INFO - DAG(s) dict_keys(['two_task_dag']) retrieved from /workspaces/hands-on-introduction-data-engineering-4395021/airflow/dags/two_task_dag.py
[2024-04-22T14:37:33.587+0000] {logging_mixin.py:150} INFO - [2024-04-22T14:37:33.587+0000] {dag.py:2742} INFO - Sync 1 DAGs
[2024-04-22T14:37:33.601+0000] {logging_mixin.py:150} INFO - [2024-04-22T14:37:33.601+0000] {dag.py:3504} INFO - Setting next_dagrun for two_task_dag to None, run_after=None
[2024-04-22T14:37:33.643+0000] {processor.py:179} INFO - Processing /workspaces/hands-on-introduction-data-engineering-4395021/airflow/dags/two_task_dag.py took 0.083 seconds
[2024-04-22T14:38:03.727+0000] {processor.py:157} INFO - Started process (PID=15636) to work on /workspaces/hands-on-introduction-data-engineering-4395021/airflow/dags/two_task_dag.py
[2024-04-22T14:38:03.728+0000] {processor.py:826} INFO - Processing file /workspaces/hands-on-introduction-data-engineering-4395021/airflow/dags/two_task_dag.py for tasks to queue
[2024-04-22T14:38:03.729+0000] {logging_mixin.py:150} INFO - [2024-04-22T14:38:03.728+0000] {dagbag.py:541} INFO - Filling up the DagBag from /workspaces/hands-on-introduction-data-engineering-4395021/airflow/dags/two_task_dag.py
[2024-04-22T14:38:03.738+0000] {processor.py:836} INFO - DAG(s) dict_keys(['two_task_dag']) retrieved from /workspaces/hands-on-introduction-data-engineering-4395021/airflow/dags/two_task_dag.py
[2024-04-22T14:38:03.755+0000] {logging_mixin.py:150} INFO - [2024-04-22T14:38:03.755+0000] {dag.py:2742} INFO - Sync 1 DAGs
[2024-04-22T14:38:03.771+0000] {logging_mixin.py:150} INFO - [2024-04-22T14:38:03.771+0000] {dag.py:3504} INFO - Setting next_dagrun for two_task_dag to None, run_after=None
[2024-04-22T14:38:03.818+0000] {processor.py:179} INFO - Processing /workspaces/hands-on-introduction-data-engineering-4395021/airflow/dags/two_task_dag.py took 0.094 seconds
[2024-04-22T14:38:33.892+0000] {processor.py:157} INFO - Started process (PID=15836) to work on /workspaces/hands-on-introduction-data-engineering-4395021/airflow/dags/two_task_dag.py
[2024-04-22T14:38:33.892+0000] {processor.py:826} INFO - Processing file /workspaces/hands-on-introduction-data-engineering-4395021/airflow/dags/two_task_dag.py for tasks to queue
[2024-04-22T14:38:33.893+0000] {logging_mixin.py:150} INFO - [2024-04-22T14:38:33.893+0000] {dagbag.py:541} INFO - Filling up the DagBag from /workspaces/hands-on-introduction-data-engineering-4395021/airflow/dags/two_task_dag.py
[2024-04-22T14:38:33.901+0000] {processor.py:836} INFO - DAG(s) dict_keys(['two_task_dag']) retrieved from /workspaces/hands-on-introduction-data-engineering-4395021/airflow/dags/two_task_dag.py
[2024-04-22T14:38:33.917+0000] {logging_mixin.py:150} INFO - [2024-04-22T14:38:33.917+0000] {dag.py:2742} INFO - Sync 1 DAGs
[2024-04-22T14:38:33.932+0000] {logging_mixin.py:150} INFO - [2024-04-22T14:38:33.932+0000] {dag.py:3504} INFO - Setting next_dagrun for two_task_dag to None, run_after=None
[2024-04-22T14:38:33.975+0000] {processor.py:179} INFO - Processing /workspaces/hands-on-introduction-data-engineering-4395021/airflow/dags/two_task_dag.py took 0.086 seconds
[2024-04-22T14:39:04.055+0000] {processor.py:157} INFO - Started process (PID=16023) to work on /workspaces/hands-on-introduction-data-engineering-4395021/airflow/dags/two_task_dag.py
[2024-04-22T14:39:04.055+0000] {processor.py:826} INFO - Processing file /workspaces/hands-on-introduction-data-engineering-4395021/airflow/dags/two_task_dag.py for tasks to queue
[2024-04-22T14:39:04.056+0000] {logging_mixin.py:150} INFO - [2024-04-22T14:39:04.056+0000] {dagbag.py:541} INFO - Filling up the DagBag from /workspaces/hands-on-introduction-data-engineering-4395021/airflow/dags/two_task_dag.py
[2024-04-22T14:39:04.067+0000] {processor.py:836} INFO - DAG(s) dict_keys(['two_task_dag']) retrieved from /workspaces/hands-on-introduction-data-engineering-4395021/airflow/dags/two_task_dag.py
[2024-04-22T14:39:04.083+0000] {logging_mixin.py:150} INFO - [2024-04-22T14:39:04.083+0000] {dag.py:2742} INFO - Sync 1 DAGs
[2024-04-22T14:39:04.102+0000] {logging_mixin.py:150} INFO - [2024-04-22T14:39:04.102+0000] {dag.py:3504} INFO - Setting next_dagrun for two_task_dag to None, run_after=None
[2024-04-22T14:39:04.151+0000] {processor.py:179} INFO - Processing /workspaces/hands-on-introduction-data-engineering-4395021/airflow/dags/two_task_dag.py took 0.099 seconds
[2024-04-22T14:39:34.323+0000] {processor.py:157} INFO - Started process (PID=16214) to work on /workspaces/hands-on-introduction-data-engineering-4395021/airflow/dags/two_task_dag.py
[2024-04-22T14:39:34.323+0000] {processor.py:826} INFO - Processing file /workspaces/hands-on-introduction-data-engineering-4395021/airflow/dags/two_task_dag.py for tasks to queue
[2024-04-22T14:39:34.324+0000] {logging_mixin.py:150} INFO - [2024-04-22T14:39:34.324+0000] {dagbag.py:541} INFO - Filling up the DagBag from /workspaces/hands-on-introduction-data-engineering-4395021/airflow/dags/two_task_dag.py
[2024-04-22T14:39:34.332+0000] {processor.py:836} INFO - DAG(s) dict_keys(['two_task_dag']) retrieved from /workspaces/hands-on-introduction-data-engineering-4395021/airflow/dags/two_task_dag.py
[2024-04-22T14:39:34.347+0000] {logging_mixin.py:150} INFO - [2024-04-22T14:39:34.347+0000] {dag.py:2742} INFO - Sync 1 DAGs
[2024-04-22T14:39:34.362+0000] {logging_mixin.py:150} INFO - [2024-04-22T14:39:34.362+0000] {dag.py:3504} INFO - Setting next_dagrun for two_task_dag to None, run_after=None
[2024-04-22T14:39:34.404+0000] {processor.py:179} INFO - Processing /workspaces/hands-on-introduction-data-engineering-4395021/airflow/dags/two_task_dag.py took 0.084 seconds
[2024-04-22T14:40:04.484+0000] {processor.py:157} INFO - Started process (PID=16397) to work on /workspaces/hands-on-introduction-data-engineering-4395021/airflow/dags/two_task_dag.py
[2024-04-22T14:40:04.485+0000] {processor.py:826} INFO - Processing file /workspaces/hands-on-introduction-data-engineering-4395021/airflow/dags/two_task_dag.py for tasks to queue
[2024-04-22T14:40:04.486+0000] {logging_mixin.py:150} INFO - [2024-04-22T14:40:04.486+0000] {dagbag.py:541} INFO - Filling up the DagBag from /workspaces/hands-on-introduction-data-engineering-4395021/airflow/dags/two_task_dag.py
[2024-04-22T14:40:04.494+0000] {processor.py:836} INFO - DAG(s) dict_keys(['two_task_dag']) retrieved from /workspaces/hands-on-introduction-data-engineering-4395021/airflow/dags/two_task_dag.py
[2024-04-22T14:40:04.510+0000] {logging_mixin.py:150} INFO - [2024-04-22T14:40:04.510+0000] {dag.py:2742} INFO - Sync 1 DAGs
[2024-04-22T14:40:04.525+0000] {logging_mixin.py:150} INFO - [2024-04-22T14:40:04.525+0000] {dag.py:3504} INFO - Setting next_dagrun for two_task_dag to None, run_after=None
[2024-04-22T14:40:04.566+0000] {processor.py:179} INFO - Processing /workspaces/hands-on-introduction-data-engineering-4395021/airflow/dags/two_task_dag.py took 0.084 seconds
[2024-04-22T14:40:34.652+0000] {processor.py:157} INFO - Started process (PID=16568) to work on /workspaces/hands-on-introduction-data-engineering-4395021/airflow/dags/two_task_dag.py
[2024-04-22T14:40:34.653+0000] {processor.py:826} INFO - Processing file /workspaces/hands-on-introduction-data-engineering-4395021/airflow/dags/two_task_dag.py for tasks to queue
[2024-04-22T14:40:34.654+0000] {logging_mixin.py:150} INFO - [2024-04-22T14:40:34.653+0000] {dagbag.py:541} INFO - Filling up the DagBag from /workspaces/hands-on-introduction-data-engineering-4395021/airflow/dags/two_task_dag.py
[2024-04-22T14:40:34.663+0000] {processor.py:836} INFO - DAG(s) dict_keys(['two_task_dag']) retrieved from /workspaces/hands-on-introduction-data-engineering-4395021/airflow/dags/two_task_dag.py
[2024-04-22T14:40:34.681+0000] {logging_mixin.py:150} INFO - [2024-04-22T14:40:34.681+0000] {dag.py:2742} INFO - Sync 1 DAGs
[2024-04-22T14:40:34.696+0000] {logging_mixin.py:150} INFO - [2024-04-22T14:40:34.696+0000] {dag.py:3504} INFO - Setting next_dagrun for two_task_dag to None, run_after=None
[2024-04-22T14:40:34.736+0000] {processor.py:179} INFO - Processing /workspaces/hands-on-introduction-data-engineering-4395021/airflow/dags/two_task_dag.py took 0.087 seconds
[2024-04-22T14:41:04.813+0000] {processor.py:157} INFO - Started process (PID=16749) to work on /workspaces/hands-on-introduction-data-engineering-4395021/airflow/dags/two_task_dag.py
[2024-04-22T14:41:04.813+0000] {processor.py:826} INFO - Processing file /workspaces/hands-on-introduction-data-engineering-4395021/airflow/dags/two_task_dag.py for tasks to queue
[2024-04-22T14:41:04.814+0000] {logging_mixin.py:150} INFO - [2024-04-22T14:41:04.814+0000] {dagbag.py:541} INFO - Filling up the DagBag from /workspaces/hands-on-introduction-data-engineering-4395021/airflow/dags/two_task_dag.py
[2024-04-22T14:41:04.822+0000] {processor.py:836} INFO - DAG(s) dict_keys(['two_task_dag']) retrieved from /workspaces/hands-on-introduction-data-engineering-4395021/airflow/dags/two_task_dag.py
[2024-04-22T14:41:04.837+0000] {logging_mixin.py:150} INFO - [2024-04-22T14:41:04.837+0000] {dag.py:2742} INFO - Sync 1 DAGs
[2024-04-22T14:41:04.851+0000] {logging_mixin.py:150} INFO - [2024-04-22T14:41:04.851+0000] {dag.py:3504} INFO - Setting next_dagrun for two_task_dag to None, run_after=None
[2024-04-22T14:41:04.888+0000] {processor.py:179} INFO - Processing /workspaces/hands-on-introduction-data-engineering-4395021/airflow/dags/two_task_dag.py took 0.078 seconds
[2024-04-22T14:41:34.956+0000] {processor.py:157} INFO - Started process (PID=16920) to work on /workspaces/hands-on-introduction-data-engineering-4395021/airflow/dags/two_task_dag.py
[2024-04-22T14:41:34.956+0000] {processor.py:826} INFO - Processing file /workspaces/hands-on-introduction-data-engineering-4395021/airflow/dags/two_task_dag.py for tasks to queue
[2024-04-22T14:41:34.957+0000] {logging_mixin.py:150} INFO - [2024-04-22T14:41:34.957+0000] {dagbag.py:541} INFO - Filling up the DagBag from /workspaces/hands-on-introduction-data-engineering-4395021/airflow/dags/two_task_dag.py
[2024-04-22T14:41:34.965+0000] {processor.py:836} INFO - DAG(s) dict_keys(['two_task_dag']) retrieved from /workspaces/hands-on-introduction-data-engineering-4395021/airflow/dags/two_task_dag.py
[2024-04-22T14:41:34.980+0000] {logging_mixin.py:150} INFO - [2024-04-22T14:41:34.980+0000] {dag.py:2742} INFO - Sync 1 DAGs
[2024-04-22T14:41:34.995+0000] {logging_mixin.py:150} INFO - [2024-04-22T14:41:34.995+0000] {dag.py:3504} INFO - Setting next_dagrun for two_task_dag to None, run_after=None
[2024-04-22T14:41:35.036+0000] {processor.py:179} INFO - Processing /workspaces/hands-on-introduction-data-engineering-4395021/airflow/dags/two_task_dag.py took 0.082 seconds
[2024-04-22T14:42:05.137+0000] {processor.py:157} INFO - Started process (PID=17106) to work on /workspaces/hands-on-introduction-data-engineering-4395021/airflow/dags/two_task_dag.py
[2024-04-22T14:42:05.138+0000] {processor.py:826} INFO - Processing file /workspaces/hands-on-introduction-data-engineering-4395021/airflow/dags/two_task_dag.py for tasks to queue
[2024-04-22T14:42:05.138+0000] {logging_mixin.py:150} INFO - [2024-04-22T14:42:05.138+0000] {dagbag.py:541} INFO - Filling up the DagBag from /workspaces/hands-on-introduction-data-engineering-4395021/airflow/dags/two_task_dag.py
[2024-04-22T14:42:05.147+0000] {processor.py:836} INFO - DAG(s) dict_keys(['two_task_dag']) retrieved from /workspaces/hands-on-introduction-data-engineering-4395021/airflow/dags/two_task_dag.py
[2024-04-22T14:42:05.162+0000] {logging_mixin.py:150} INFO - [2024-04-22T14:42:05.162+0000] {dag.py:2742} INFO - Sync 1 DAGs
[2024-04-22T14:42:05.177+0000] {logging_mixin.py:150} INFO - [2024-04-22T14:42:05.177+0000] {dag.py:3504} INFO - Setting next_dagrun for two_task_dag to None, run_after=None
[2024-04-22T14:42:05.217+0000] {processor.py:179} INFO - Processing /workspaces/hands-on-introduction-data-engineering-4395021/airflow/dags/two_task_dag.py took 0.082 seconds
[2024-04-22T14:42:35.299+0000] {processor.py:157} INFO - Started process (PID=17289) to work on /workspaces/hands-on-introduction-data-engineering-4395021/airflow/dags/two_task_dag.py
[2024-04-22T14:42:35.299+0000] {processor.py:826} INFO - Processing file /workspaces/hands-on-introduction-data-engineering-4395021/airflow/dags/two_task_dag.py for tasks to queue
[2024-04-22T14:42:35.300+0000] {logging_mixin.py:150} INFO - [2024-04-22T14:42:35.300+0000] {dagbag.py:541} INFO - Filling up the DagBag from /workspaces/hands-on-introduction-data-engineering-4395021/airflow/dags/two_task_dag.py
[2024-04-22T14:42:35.308+0000] {processor.py:836} INFO - DAG(s) dict_keys(['two_task_dag']) retrieved from /workspaces/hands-on-introduction-data-engineering-4395021/airflow/dags/two_task_dag.py
[2024-04-22T14:42:35.323+0000] {logging_mixin.py:150} INFO - [2024-04-22T14:42:35.323+0000] {dag.py:2742} INFO - Sync 1 DAGs
[2024-04-22T14:42:35.337+0000] {logging_mixin.py:150} INFO - [2024-04-22T14:42:35.337+0000] {dag.py:3504} INFO - Setting next_dagrun for two_task_dag to None, run_after=None
[2024-04-22T14:42:35.379+0000] {processor.py:179} INFO - Processing /workspaces/hands-on-introduction-data-engineering-4395021/airflow/dags/two_task_dag.py took 0.083 seconds
[2024-04-22T14:43:05.466+0000] {processor.py:157} INFO - Started process (PID=17458) to work on /workspaces/hands-on-introduction-data-engineering-4395021/airflow/dags/two_task_dag.py
[2024-04-22T14:43:05.466+0000] {processor.py:826} INFO - Processing file /workspaces/hands-on-introduction-data-engineering-4395021/airflow/dags/two_task_dag.py for tasks to queue
[2024-04-22T14:43:05.467+0000] {logging_mixin.py:150} INFO - [2024-04-22T14:43:05.467+0000] {dagbag.py:541} INFO - Filling up the DagBag from /workspaces/hands-on-introduction-data-engineering-4395021/airflow/dags/two_task_dag.py
[2024-04-22T14:43:05.475+0000] {processor.py:836} INFO - DAG(s) dict_keys(['two_task_dag']) retrieved from /workspaces/hands-on-introduction-data-engineering-4395021/airflow/dags/two_task_dag.py
[2024-04-22T14:43:05.493+0000] {logging_mixin.py:150} INFO - [2024-04-22T14:43:05.493+0000] {dag.py:2742} INFO - Sync 1 DAGs
[2024-04-22T14:43:05.508+0000] {logging_mixin.py:150} INFO - [2024-04-22T14:43:05.508+0000] {dag.py:3504} INFO - Setting next_dagrun for two_task_dag to None, run_after=None
[2024-04-22T14:43:05.547+0000] {processor.py:179} INFO - Processing /workspaces/hands-on-introduction-data-engineering-4395021/airflow/dags/two_task_dag.py took 0.083 seconds
[2024-04-22T14:43:35.634+0000] {processor.py:157} INFO - Started process (PID=17639) to work on /workspaces/hands-on-introduction-data-engineering-4395021/airflow/dags/two_task_dag.py
[2024-04-22T14:43:35.635+0000] {processor.py:826} INFO - Processing file /workspaces/hands-on-introduction-data-engineering-4395021/airflow/dags/two_task_dag.py for tasks to queue
[2024-04-22T14:43:35.636+0000] {logging_mixin.py:150} INFO - [2024-04-22T14:43:35.635+0000] {dagbag.py:541} INFO - Filling up the DagBag from /workspaces/hands-on-introduction-data-engineering-4395021/airflow/dags/two_task_dag.py
[2024-04-22T14:43:35.645+0000] {processor.py:836} INFO - DAG(s) dict_keys(['two_task_dag']) retrieved from /workspaces/hands-on-introduction-data-engineering-4395021/airflow/dags/two_task_dag.py
[2024-04-22T14:43:35.660+0000] {logging_mixin.py:150} INFO - [2024-04-22T14:43:35.660+0000] {dag.py:2742} INFO - Sync 1 DAGs
[2024-04-22T14:43:35.675+0000] {logging_mixin.py:150} INFO - [2024-04-22T14:43:35.675+0000] {dag.py:3504} INFO - Setting next_dagrun for two_task_dag to None, run_after=None
[2024-04-22T14:43:35.715+0000] {processor.py:179} INFO - Processing /workspaces/hands-on-introduction-data-engineering-4395021/airflow/dags/two_task_dag.py took 0.083 seconds
[2024-04-22T14:44:05.802+0000] {processor.py:157} INFO - Started process (PID=17815) to work on /workspaces/hands-on-introduction-data-engineering-4395021/airflow/dags/two_task_dag.py
[2024-04-22T14:44:05.803+0000] {processor.py:826} INFO - Processing file /workspaces/hands-on-introduction-data-engineering-4395021/airflow/dags/two_task_dag.py for tasks to queue
[2024-04-22T14:44:05.804+0000] {logging_mixin.py:150} INFO - [2024-04-22T14:44:05.803+0000] {dagbag.py:541} INFO - Filling up the DagBag from /workspaces/hands-on-introduction-data-engineering-4395021/airflow/dags/two_task_dag.py
[2024-04-22T14:44:05.812+0000] {processor.py:836} INFO - DAG(s) dict_keys(['two_task_dag']) retrieved from /workspaces/hands-on-introduction-data-engineering-4395021/airflow/dags/two_task_dag.py
[2024-04-22T14:44:05.828+0000] {logging_mixin.py:150} INFO - [2024-04-22T14:44:05.828+0000] {dag.py:2742} INFO - Sync 1 DAGs
[2024-04-22T14:44:05.843+0000] {logging_mixin.py:150} INFO - [2024-04-22T14:44:05.843+0000] {dag.py:3504} INFO - Setting next_dagrun for two_task_dag to None, run_after=None
[2024-04-22T14:44:05.887+0000] {processor.py:179} INFO - Processing /workspaces/hands-on-introduction-data-engineering-4395021/airflow/dags/two_task_dag.py took 0.087 seconds
[2024-04-22T14:44:35.995+0000] {processor.py:157} INFO - Started process (PID=17991) to work on /workspaces/hands-on-introduction-data-engineering-4395021/airflow/dags/two_task_dag.py
[2024-04-22T14:44:35.995+0000] {processor.py:826} INFO - Processing file /workspaces/hands-on-introduction-data-engineering-4395021/airflow/dags/two_task_dag.py for tasks to queue
[2024-04-22T14:44:35.996+0000] {logging_mixin.py:150} INFO - [2024-04-22T14:44:35.996+0000] {dagbag.py:541} INFO - Filling up the DagBag from /workspaces/hands-on-introduction-data-engineering-4395021/airflow/dags/two_task_dag.py
[2024-04-22T14:44:36.004+0000] {processor.py:836} INFO - DAG(s) dict_keys(['two_task_dag']) retrieved from /workspaces/hands-on-introduction-data-engineering-4395021/airflow/dags/two_task_dag.py
[2024-04-22T14:44:36.020+0000] {logging_mixin.py:150} INFO - [2024-04-22T14:44:36.020+0000] {dag.py:2742} INFO - Sync 1 DAGs
[2024-04-22T14:44:36.035+0000] {logging_mixin.py:150} INFO - [2024-04-22T14:44:36.035+0000] {dag.py:3504} INFO - Setting next_dagrun for two_task_dag to None, run_after=None
[2024-04-22T14:44:36.076+0000] {processor.py:179} INFO - Processing /workspaces/hands-on-introduction-data-engineering-4395021/airflow/dags/two_task_dag.py took 0.084 seconds
[2024-04-22T14:45:06.155+0000] {processor.py:157} INFO - Started process (PID=18167) to work on /workspaces/hands-on-introduction-data-engineering-4395021/airflow/dags/two_task_dag.py
[2024-04-22T14:45:06.156+0000] {processor.py:826} INFO - Processing file /workspaces/hands-on-introduction-data-engineering-4395021/airflow/dags/two_task_dag.py for tasks to queue
[2024-04-22T14:45:06.157+0000] {logging_mixin.py:150} INFO - [2024-04-22T14:45:06.157+0000] {dagbag.py:541} INFO - Filling up the DagBag from /workspaces/hands-on-introduction-data-engineering-4395021/airflow/dags/two_task_dag.py
[2024-04-22T14:45:06.165+0000] {processor.py:836} INFO - DAG(s) dict_keys(['two_task_dag']) retrieved from /workspaces/hands-on-introduction-data-engineering-4395021/airflow/dags/two_task_dag.py
[2024-04-22T14:45:06.181+0000] {logging_mixin.py:150} INFO - [2024-04-22T14:45:06.181+0000] {dag.py:2742} INFO - Sync 1 DAGs
[2024-04-22T14:45:06.195+0000] {logging_mixin.py:150} INFO - [2024-04-22T14:45:06.195+0000] {dag.py:3504} INFO - Setting next_dagrun for two_task_dag to None, run_after=None
[2024-04-22T14:45:06.234+0000] {processor.py:179} INFO - Processing /workspaces/hands-on-introduction-data-engineering-4395021/airflow/dags/two_task_dag.py took 0.081 seconds
[2024-04-22T14:45:36.320+0000] {processor.py:157} INFO - Started process (PID=18352) to work on /workspaces/hands-on-introduction-data-engineering-4395021/airflow/dags/two_task_dag.py
[2024-04-22T14:45:36.321+0000] {processor.py:826} INFO - Processing file /workspaces/hands-on-introduction-data-engineering-4395021/airflow/dags/two_task_dag.py for tasks to queue
[2024-04-22T14:45:36.322+0000] {logging_mixin.py:150} INFO - [2024-04-22T14:45:36.322+0000] {dagbag.py:541} INFO - Filling up the DagBag from /workspaces/hands-on-introduction-data-engineering-4395021/airflow/dags/two_task_dag.py
[2024-04-22T14:45:36.331+0000] {processor.py:836} INFO - DAG(s) dict_keys(['two_task_dag']) retrieved from /workspaces/hands-on-introduction-data-engineering-4395021/airflow/dags/two_task_dag.py
[2024-04-22T14:45:36.348+0000] {logging_mixin.py:150} INFO - [2024-04-22T14:45:36.348+0000] {dag.py:2742} INFO - Sync 1 DAGs
[2024-04-22T14:45:36.365+0000] {logging_mixin.py:150} INFO - [2024-04-22T14:45:36.365+0000] {dag.py:3504} INFO - Setting next_dagrun for two_task_dag to None, run_after=None
[2024-04-22T14:45:36.410+0000] {processor.py:179} INFO - Processing /workspaces/hands-on-introduction-data-engineering-4395021/airflow/dags/two_task_dag.py took 0.093 seconds
[2024-04-22T14:46:06.469+0000] {processor.py:157} INFO - Started process (PID=18531) to work on /workspaces/hands-on-introduction-data-engineering-4395021/airflow/dags/two_task_dag.py
[2024-04-22T14:46:06.469+0000] {processor.py:826} INFO - Processing file /workspaces/hands-on-introduction-data-engineering-4395021/airflow/dags/two_task_dag.py for tasks to queue
[2024-04-22T14:46:06.470+0000] {logging_mixin.py:150} INFO - [2024-04-22T14:46:06.470+0000] {dagbag.py:541} INFO - Filling up the DagBag from /workspaces/hands-on-introduction-data-engineering-4395021/airflow/dags/two_task_dag.py
[2024-04-22T14:46:06.478+0000] {processor.py:836} INFO - DAG(s) dict_keys(['two_task_dag']) retrieved from /workspaces/hands-on-introduction-data-engineering-4395021/airflow/dags/two_task_dag.py
[2024-04-22T14:46:06.493+0000] {logging_mixin.py:150} INFO - [2024-04-22T14:46:06.493+0000] {dag.py:2742} INFO - Sync 1 DAGs
[2024-04-22T14:46:06.508+0000] {logging_mixin.py:150} INFO - [2024-04-22T14:46:06.508+0000] {dag.py:3504} INFO - Setting next_dagrun for two_task_dag to None, run_after=None
[2024-04-22T14:46:06.547+0000] {processor.py:179} INFO - Processing /workspaces/hands-on-introduction-data-engineering-4395021/airflow/dags/two_task_dag.py took 0.082 seconds
[2024-04-22T14:46:36.628+0000] {processor.py:157} INFO - Started process (PID=18707) to work on /workspaces/hands-on-introduction-data-engineering-4395021/airflow/dags/two_task_dag.py
[2024-04-22T14:46:36.628+0000] {processor.py:826} INFO - Processing file /workspaces/hands-on-introduction-data-engineering-4395021/airflow/dags/two_task_dag.py for tasks to queue
[2024-04-22T14:46:36.629+0000] {logging_mixin.py:150} INFO - [2024-04-22T14:46:36.629+0000] {dagbag.py:541} INFO - Filling up the DagBag from /workspaces/hands-on-introduction-data-engineering-4395021/airflow/dags/two_task_dag.py
[2024-04-22T14:46:36.637+0000] {processor.py:836} INFO - DAG(s) dict_keys(['two_task_dag']) retrieved from /workspaces/hands-on-introduction-data-engineering-4395021/airflow/dags/two_task_dag.py
[2024-04-22T14:46:36.653+0000] {logging_mixin.py:150} INFO - [2024-04-22T14:46:36.652+0000] {dag.py:2742} INFO - Sync 1 DAGs
[2024-04-22T14:46:36.667+0000] {logging_mixin.py:150} INFO - [2024-04-22T14:46:36.667+0000] {dag.py:3504} INFO - Setting next_dagrun for two_task_dag to None, run_after=None
[2024-04-22T14:46:36.707+0000] {processor.py:179} INFO - Processing /workspaces/hands-on-introduction-data-engineering-4395021/airflow/dags/two_task_dag.py took 0.081 seconds
[2024-04-22T14:47:06.787+0000] {processor.py:157} INFO - Started process (PID=18884) to work on /workspaces/hands-on-introduction-data-engineering-4395021/airflow/dags/two_task_dag.py
[2024-04-22T14:47:06.788+0000] {processor.py:826} INFO - Processing file /workspaces/hands-on-introduction-data-engineering-4395021/airflow/dags/two_task_dag.py for tasks to queue
[2024-04-22T14:47:06.788+0000] {logging_mixin.py:150} INFO - [2024-04-22T14:47:06.788+0000] {dagbag.py:541} INFO - Filling up the DagBag from /workspaces/hands-on-introduction-data-engineering-4395021/airflow/dags/two_task_dag.py
[2024-04-22T14:47:06.796+0000] {processor.py:836} INFO - DAG(s) dict_keys(['two_task_dag']) retrieved from /workspaces/hands-on-introduction-data-engineering-4395021/airflow/dags/two_task_dag.py
[2024-04-22T14:47:06.811+0000] {logging_mixin.py:150} INFO - [2024-04-22T14:47:06.811+0000] {dag.py:2742} INFO - Sync 1 DAGs
[2024-04-22T14:47:06.825+0000] {logging_mixin.py:150} INFO - [2024-04-22T14:47:06.825+0000] {dag.py:3504} INFO - Setting next_dagrun for two_task_dag to None, run_after=None
[2024-04-22T14:47:06.865+0000] {processor.py:179} INFO - Processing /workspaces/hands-on-introduction-data-engineering-4395021/airflow/dags/two_task_dag.py took 0.080 seconds
[2024-04-22T14:47:36.947+0000] {processor.py:157} INFO - Started process (PID=19064) to work on /workspaces/hands-on-introduction-data-engineering-4395021/airflow/dags/two_task_dag.py
[2024-04-22T14:47:36.948+0000] {processor.py:826} INFO - Processing file /workspaces/hands-on-introduction-data-engineering-4395021/airflow/dags/two_task_dag.py for tasks to queue
[2024-04-22T14:47:36.949+0000] {logging_mixin.py:150} INFO - [2024-04-22T14:47:36.948+0000] {dagbag.py:541} INFO - Filling up the DagBag from /workspaces/hands-on-introduction-data-engineering-4395021/airflow/dags/two_task_dag.py
[2024-04-22T14:47:36.958+0000] {processor.py:836} INFO - DAG(s) dict_keys(['two_task_dag']) retrieved from /workspaces/hands-on-introduction-data-engineering-4395021/airflow/dags/two_task_dag.py
[2024-04-22T14:47:36.975+0000] {logging_mixin.py:150} INFO - [2024-04-22T14:47:36.974+0000] {dag.py:2742} INFO - Sync 1 DAGs
[2024-04-22T14:47:36.990+0000] {logging_mixin.py:150} INFO - [2024-04-22T14:47:36.990+0000] {dag.py:3504} INFO - Setting next_dagrun for two_task_dag to None, run_after=None
[2024-04-22T14:47:37.027+0000] {processor.py:179} INFO - Processing /workspaces/hands-on-introduction-data-engineering-4395021/airflow/dags/two_task_dag.py took 0.083 seconds
[2024-04-22T14:48:07.105+0000] {processor.py:157} INFO - Started process (PID=19246) to work on /workspaces/hands-on-introduction-data-engineering-4395021/airflow/dags/two_task_dag.py
[2024-04-22T14:48:07.106+0000] {processor.py:826} INFO - Processing file /workspaces/hands-on-introduction-data-engineering-4395021/airflow/dags/two_task_dag.py for tasks to queue
[2024-04-22T14:48:07.106+0000] {logging_mixin.py:150} INFO - [2024-04-22T14:48:07.106+0000] {dagbag.py:541} INFO - Filling up the DagBag from /workspaces/hands-on-introduction-data-engineering-4395021/airflow/dags/two_task_dag.py
[2024-04-22T14:48:07.114+0000] {processor.py:836} INFO - DAG(s) dict_keys(['two_task_dag']) retrieved from /workspaces/hands-on-introduction-data-engineering-4395021/airflow/dags/two_task_dag.py
[2024-04-22T14:48:07.129+0000] {logging_mixin.py:150} INFO - [2024-04-22T14:48:07.129+0000] {dag.py:2742} INFO - Sync 1 DAGs
[2024-04-22T14:48:07.144+0000] {logging_mixin.py:150} INFO - [2024-04-22T14:48:07.143+0000] {dag.py:3504} INFO - Setting next_dagrun for two_task_dag to None, run_after=None
[2024-04-22T14:48:07.194+0000] {processor.py:179} INFO - Processing /workspaces/hands-on-introduction-data-engineering-4395021/airflow/dags/two_task_dag.py took 0.091 seconds
[2024-04-22T14:48:37.269+0000] {processor.py:157} INFO - Started process (PID=19415) to work on /workspaces/hands-on-introduction-data-engineering-4395021/airflow/dags/two_task_dag.py
[2024-04-22T14:48:37.270+0000] {processor.py:826} INFO - Processing file /workspaces/hands-on-introduction-data-engineering-4395021/airflow/dags/two_task_dag.py for tasks to queue
[2024-04-22T14:48:37.270+0000] {logging_mixin.py:150} INFO - [2024-04-22T14:48:37.270+0000] {dagbag.py:541} INFO - Filling up the DagBag from /workspaces/hands-on-introduction-data-engineering-4395021/airflow/dags/two_task_dag.py
[2024-04-22T14:48:37.279+0000] {processor.py:836} INFO - DAG(s) dict_keys(['two_task_dag']) retrieved from /workspaces/hands-on-introduction-data-engineering-4395021/airflow/dags/two_task_dag.py
[2024-04-22T14:48:37.296+0000] {logging_mixin.py:150} INFO - [2024-04-22T14:48:37.296+0000] {dag.py:2742} INFO - Sync 1 DAGs
[2024-04-22T14:48:37.311+0000] {logging_mixin.py:150} INFO - [2024-04-22T14:48:37.311+0000] {dag.py:3504} INFO - Setting next_dagrun for two_task_dag to None, run_after=None
[2024-04-22T14:48:37.349+0000] {processor.py:179} INFO - Processing /workspaces/hands-on-introduction-data-engineering-4395021/airflow/dags/two_task_dag.py took 0.082 seconds
[2024-04-22T14:49:07.429+0000] {processor.py:157} INFO - Started process (PID=19598) to work on /workspaces/hands-on-introduction-data-engineering-4395021/airflow/dags/two_task_dag.py
[2024-04-22T14:49:07.430+0000] {processor.py:826} INFO - Processing file /workspaces/hands-on-introduction-data-engineering-4395021/airflow/dags/two_task_dag.py for tasks to queue
[2024-04-22T14:49:07.431+0000] {logging_mixin.py:150} INFO - [2024-04-22T14:49:07.430+0000] {dagbag.py:541} INFO - Filling up the DagBag from /workspaces/hands-on-introduction-data-engineering-4395021/airflow/dags/two_task_dag.py
[2024-04-22T14:49:07.439+0000] {processor.py:836} INFO - DAG(s) dict_keys(['two_task_dag']) retrieved from /workspaces/hands-on-introduction-data-engineering-4395021/airflow/dags/two_task_dag.py
[2024-04-22T14:49:07.455+0000] {logging_mixin.py:150} INFO - [2024-04-22T14:49:07.454+0000] {dag.py:2742} INFO - Sync 1 DAGs
[2024-04-22T14:49:07.469+0000] {logging_mixin.py:150} INFO - [2024-04-22T14:49:07.469+0000] {dag.py:3504} INFO - Setting next_dagrun for two_task_dag to None, run_after=None
[2024-04-22T14:49:07.509+0000] {processor.py:179} INFO - Processing /workspaces/hands-on-introduction-data-engineering-4395021/airflow/dags/two_task_dag.py took 0.082 seconds
[2024-04-22T14:49:37.593+0000] {processor.py:157} INFO - Started process (PID=19774) to work on /workspaces/hands-on-introduction-data-engineering-4395021/airflow/dags/two_task_dag.py
[2024-04-22T14:49:37.594+0000] {processor.py:826} INFO - Processing file /workspaces/hands-on-introduction-data-engineering-4395021/airflow/dags/two_task_dag.py for tasks to queue
[2024-04-22T14:49:37.595+0000] {logging_mixin.py:150} INFO - [2024-04-22T14:49:37.594+0000] {dagbag.py:541} INFO - Filling up the DagBag from /workspaces/hands-on-introduction-data-engineering-4395021/airflow/dags/two_task_dag.py
[2024-04-22T14:49:37.602+0000] {processor.py:836} INFO - DAG(s) dict_keys(['two_task_dag']) retrieved from /workspaces/hands-on-introduction-data-engineering-4395021/airflow/dags/two_task_dag.py
[2024-04-22T14:49:37.619+0000] {logging_mixin.py:150} INFO - [2024-04-22T14:49:37.619+0000] {dag.py:2742} INFO - Sync 1 DAGs
[2024-04-22T14:49:37.635+0000] {logging_mixin.py:150} INFO - [2024-04-22T14:49:37.635+0000] {dag.py:3504} INFO - Setting next_dagrun for two_task_dag to None, run_after=None
[2024-04-22T14:49:37.678+0000] {processor.py:179} INFO - Processing /workspaces/hands-on-introduction-data-engineering-4395021/airflow/dags/two_task_dag.py took 0.087 seconds
[2024-04-22T14:50:07.759+0000] {processor.py:157} INFO - Started process (PID=19949) to work on /workspaces/hands-on-introduction-data-engineering-4395021/airflow/dags/two_task_dag.py
[2024-04-22T14:50:07.760+0000] {processor.py:826} INFO - Processing file /workspaces/hands-on-introduction-data-engineering-4395021/airflow/dags/two_task_dag.py for tasks to queue
[2024-04-22T14:50:07.760+0000] {logging_mixin.py:150} INFO - [2024-04-22T14:50:07.760+0000] {dagbag.py:541} INFO - Filling up the DagBag from /workspaces/hands-on-introduction-data-engineering-4395021/airflow/dags/two_task_dag.py
[2024-04-22T14:50:07.771+0000] {processor.py:836} INFO - DAG(s) dict_keys(['two_task_dag']) retrieved from /workspaces/hands-on-introduction-data-engineering-4395021/airflow/dags/two_task_dag.py
[2024-04-22T14:50:07.787+0000] {logging_mixin.py:150} INFO - [2024-04-22T14:50:07.787+0000] {dag.py:2742} INFO - Sync 1 DAGs
[2024-04-22T14:50:07.802+0000] {logging_mixin.py:150} INFO - [2024-04-22T14:50:07.802+0000] {dag.py:3504} INFO - Setting next_dagrun for two_task_dag to None, run_after=None
[2024-04-22T14:50:07.841+0000] {processor.py:179} INFO - Processing /workspaces/hands-on-introduction-data-engineering-4395021/airflow/dags/two_task_dag.py took 0.085 seconds
[2024-04-22T14:50:37.934+0000] {processor.py:157} INFO - Started process (PID=20130) to work on /workspaces/hands-on-introduction-data-engineering-4395021/airflow/dags/two_task_dag.py
[2024-04-22T14:50:37.935+0000] {processor.py:826} INFO - Processing file /workspaces/hands-on-introduction-data-engineering-4395021/airflow/dags/two_task_dag.py for tasks to queue
[2024-04-22T14:50:37.935+0000] {logging_mixin.py:150} INFO - [2024-04-22T14:50:37.935+0000] {dagbag.py:541} INFO - Filling up the DagBag from /workspaces/hands-on-introduction-data-engineering-4395021/airflow/dags/two_task_dag.py
[2024-04-22T14:50:37.943+0000] {processor.py:836} INFO - DAG(s) dict_keys(['two_task_dag']) retrieved from /workspaces/hands-on-introduction-data-engineering-4395021/airflow/dags/two_task_dag.py
[2024-04-22T14:50:37.959+0000] {logging_mixin.py:150} INFO - [2024-04-22T14:50:37.959+0000] {dag.py:2742} INFO - Sync 1 DAGs
[2024-04-22T14:50:37.975+0000] {logging_mixin.py:150} INFO - [2024-04-22T14:50:37.975+0000] {dag.py:3504} INFO - Setting next_dagrun for two_task_dag to None, run_after=None
[2024-04-22T14:50:38.017+0000] {processor.py:179} INFO - Processing /workspaces/hands-on-introduction-data-engineering-4395021/airflow/dags/two_task_dag.py took 0.085 seconds
[2024-04-22T14:51:08.095+0000] {processor.py:157} INFO - Started process (PID=20299) to work on /workspaces/hands-on-introduction-data-engineering-4395021/airflow/dags/two_task_dag.py
[2024-04-22T14:51:08.095+0000] {processor.py:826} INFO - Processing file /workspaces/hands-on-introduction-data-engineering-4395021/airflow/dags/two_task_dag.py for tasks to queue
[2024-04-22T14:51:08.096+0000] {logging_mixin.py:150} INFO - [2024-04-22T14:51:08.096+0000] {dagbag.py:541} INFO - Filling up the DagBag from /workspaces/hands-on-introduction-data-engineering-4395021/airflow/dags/two_task_dag.py
[2024-04-22T14:51:08.104+0000] {processor.py:836} INFO - DAG(s) dict_keys(['two_task_dag']) retrieved from /workspaces/hands-on-introduction-data-engineering-4395021/airflow/dags/two_task_dag.py
[2024-04-22T14:51:08.119+0000] {logging_mixin.py:150} INFO - [2024-04-22T14:51:08.118+0000] {dag.py:2742} INFO - Sync 1 DAGs
[2024-04-22T14:51:08.133+0000] {logging_mixin.py:150} INFO - [2024-04-22T14:51:08.133+0000] {dag.py:3504} INFO - Setting next_dagrun for two_task_dag to None, run_after=None
[2024-04-22T14:51:08.170+0000] {processor.py:179} INFO - Processing /workspaces/hands-on-introduction-data-engineering-4395021/airflow/dags/two_task_dag.py took 0.078 seconds
[2024-04-22T14:51:38.254+0000] {processor.py:157} INFO - Started process (PID=20480) to work on /workspaces/hands-on-introduction-data-engineering-4395021/airflow/dags/two_task_dag.py
[2024-04-22T14:51:38.255+0000] {processor.py:826} INFO - Processing file /workspaces/hands-on-introduction-data-engineering-4395021/airflow/dags/two_task_dag.py for tasks to queue
[2024-04-22T14:51:38.256+0000] {logging_mixin.py:150} INFO - [2024-04-22T14:51:38.255+0000] {dagbag.py:541} INFO - Filling up the DagBag from /workspaces/hands-on-introduction-data-engineering-4395021/airflow/dags/two_task_dag.py
[2024-04-22T14:51:38.263+0000] {processor.py:836} INFO - DAG(s) dict_keys(['two_task_dag']) retrieved from /workspaces/hands-on-introduction-data-engineering-4395021/airflow/dags/two_task_dag.py
[2024-04-22T14:51:38.278+0000] {logging_mixin.py:150} INFO - [2024-04-22T14:51:38.278+0000] {dag.py:2742} INFO - Sync 1 DAGs
[2024-04-22T14:51:38.293+0000] {logging_mixin.py:150} INFO - [2024-04-22T14:51:38.293+0000] {dag.py:3504} INFO - Setting next_dagrun for two_task_dag to None, run_after=None
[2024-04-22T14:51:38.333+0000] {processor.py:179} INFO - Processing /workspaces/hands-on-introduction-data-engineering-4395021/airflow/dags/two_task_dag.py took 0.081 seconds
[2024-04-22T14:52:08.414+0000] {processor.py:157} INFO - Started process (PID=20658) to work on /workspaces/hands-on-introduction-data-engineering-4395021/airflow/dags/two_task_dag.py
[2024-04-22T14:52:08.415+0000] {processor.py:826} INFO - Processing file /workspaces/hands-on-introduction-data-engineering-4395021/airflow/dags/two_task_dag.py for tasks to queue
[2024-04-22T14:52:08.416+0000] {logging_mixin.py:150} INFO - [2024-04-22T14:52:08.415+0000] {dagbag.py:541} INFO - Filling up the DagBag from /workspaces/hands-on-introduction-data-engineering-4395021/airflow/dags/two_task_dag.py
[2024-04-22T14:52:08.424+0000] {processor.py:836} INFO - DAG(s) dict_keys(['two_task_dag']) retrieved from /workspaces/hands-on-introduction-data-engineering-4395021/airflow/dags/two_task_dag.py
[2024-04-22T14:52:08.440+0000] {logging_mixin.py:150} INFO - [2024-04-22T14:52:08.440+0000] {dag.py:2742} INFO - Sync 1 DAGs
[2024-04-22T14:52:08.455+0000] {logging_mixin.py:150} INFO - [2024-04-22T14:52:08.455+0000] {dag.py:3504} INFO - Setting next_dagrun for two_task_dag to None, run_after=None
[2024-04-22T14:52:08.496+0000] {processor.py:179} INFO - Processing /workspaces/hands-on-introduction-data-engineering-4395021/airflow/dags/two_task_dag.py took 0.084 seconds
[2024-04-22T14:52:38.580+0000] {processor.py:157} INFO - Started process (PID=20833) to work on /workspaces/hands-on-introduction-data-engineering-4395021/airflow/dags/two_task_dag.py
[2024-04-22T14:52:38.580+0000] {processor.py:826} INFO - Processing file /workspaces/hands-on-introduction-data-engineering-4395021/airflow/dags/two_task_dag.py for tasks to queue
[2024-04-22T14:52:38.581+0000] {logging_mixin.py:150} INFO - [2024-04-22T14:52:38.581+0000] {dagbag.py:541} INFO - Filling up the DagBag from /workspaces/hands-on-introduction-data-engineering-4395021/airflow/dags/two_task_dag.py
[2024-04-22T14:52:38.589+0000] {processor.py:836} INFO - DAG(s) dict_keys(['two_task_dag']) retrieved from /workspaces/hands-on-introduction-data-engineering-4395021/airflow/dags/two_task_dag.py
[2024-04-22T14:52:38.604+0000] {logging_mixin.py:150} INFO - [2024-04-22T14:52:38.604+0000] {dag.py:2742} INFO - Sync 1 DAGs
[2024-04-22T14:52:38.618+0000] {logging_mixin.py:150} INFO - [2024-04-22T14:52:38.618+0000] {dag.py:3504} INFO - Setting next_dagrun for two_task_dag to None, run_after=None
[2024-04-22T14:52:38.656+0000] {processor.py:179} INFO - Processing /workspaces/hands-on-introduction-data-engineering-4395021/airflow/dags/two_task_dag.py took 0.078 seconds
[2024-04-22T14:53:08.741+0000] {processor.py:157} INFO - Started process (PID=21013) to work on /workspaces/hands-on-introduction-data-engineering-4395021/airflow/dags/two_task_dag.py
[2024-04-22T14:53:08.742+0000] {processor.py:826} INFO - Processing file /workspaces/hands-on-introduction-data-engineering-4395021/airflow/dags/two_task_dag.py for tasks to queue
[2024-04-22T14:53:08.743+0000] {logging_mixin.py:150} INFO - [2024-04-22T14:53:08.742+0000] {dagbag.py:541} INFO - Filling up the DagBag from /workspaces/hands-on-introduction-data-engineering-4395021/airflow/dags/two_task_dag.py
[2024-04-22T14:53:08.752+0000] {processor.py:836} INFO - DAG(s) dict_keys(['two_task_dag']) retrieved from /workspaces/hands-on-introduction-data-engineering-4395021/airflow/dags/two_task_dag.py
[2024-04-22T14:53:08.770+0000] {logging_mixin.py:150} INFO - [2024-04-22T14:53:08.770+0000] {dag.py:2742} INFO - Sync 1 DAGs
[2024-04-22T14:53:08.785+0000] {logging_mixin.py:150} INFO - [2024-04-22T14:53:08.784+0000] {dag.py:3504} INFO - Setting next_dagrun for two_task_dag to None, run_after=None
[2024-04-22T14:53:08.826+0000] {processor.py:179} INFO - Processing /workspaces/hands-on-introduction-data-engineering-4395021/airflow/dags/two_task_dag.py took 0.088 seconds
[2024-04-22T14:53:38.908+0000] {processor.py:157} INFO - Started process (PID=21198) to work on /workspaces/hands-on-introduction-data-engineering-4395021/airflow/dags/two_task_dag.py
[2024-04-22T14:53:38.908+0000] {processor.py:826} INFO - Processing file /workspaces/hands-on-introduction-data-engineering-4395021/airflow/dags/two_task_dag.py for tasks to queue
[2024-04-22T14:53:38.909+0000] {logging_mixin.py:150} INFO - [2024-04-22T14:53:38.909+0000] {dagbag.py:541} INFO - Filling up the DagBag from /workspaces/hands-on-introduction-data-engineering-4395021/airflow/dags/two_task_dag.py
[2024-04-22T14:53:38.917+0000] {processor.py:836} INFO - DAG(s) dict_keys(['two_task_dag']) retrieved from /workspaces/hands-on-introduction-data-engineering-4395021/airflow/dags/two_task_dag.py
[2024-04-22T14:53:38.933+0000] {logging_mixin.py:150} INFO - [2024-04-22T14:53:38.933+0000] {dag.py:2742} INFO - Sync 1 DAGs
[2024-04-22T14:53:38.948+0000] {logging_mixin.py:150} INFO - [2024-04-22T14:53:38.948+0000] {dag.py:3504} INFO - Setting next_dagrun for two_task_dag to None, run_after=None
[2024-04-22T14:53:38.986+0000] {processor.py:179} INFO - Processing /workspaces/hands-on-introduction-data-engineering-4395021/airflow/dags/two_task_dag.py took 0.081 seconds
[2024-04-22T14:54:09.067+0000] {processor.py:157} INFO - Started process (PID=21355) to work on /workspaces/hands-on-introduction-data-engineering-4395021/airflow/dags/two_task_dag.py
[2024-04-22T14:54:09.068+0000] {processor.py:826} INFO - Processing file /workspaces/hands-on-introduction-data-engineering-4395021/airflow/dags/two_task_dag.py for tasks to queue
[2024-04-22T14:54:09.068+0000] {logging_mixin.py:150} INFO - [2024-04-22T14:54:09.068+0000] {dagbag.py:541} INFO - Filling up the DagBag from /workspaces/hands-on-introduction-data-engineering-4395021/airflow/dags/two_task_dag.py
[2024-04-22T14:54:09.076+0000] {processor.py:836} INFO - DAG(s) dict_keys(['two_task_dag']) retrieved from /workspaces/hands-on-introduction-data-engineering-4395021/airflow/dags/two_task_dag.py
[2024-04-22T14:54:09.090+0000] {logging_mixin.py:150} INFO - [2024-04-22T14:54:09.090+0000] {dag.py:2742} INFO - Sync 1 DAGs
[2024-04-22T14:54:09.106+0000] {logging_mixin.py:150} INFO - [2024-04-22T14:54:09.106+0000] {dag.py:3504} INFO - Setting next_dagrun for two_task_dag to None, run_after=None
[2024-04-22T14:54:09.145+0000] {processor.py:179} INFO - Processing /workspaces/hands-on-introduction-data-engineering-4395021/airflow/dags/two_task_dag.py took 0.081 seconds
[2024-04-22T14:54:39.243+0000] {processor.py:157} INFO - Started process (PID=21531) to work on /workspaces/hands-on-introduction-data-engineering-4395021/airflow/dags/two_task_dag.py
[2024-04-22T14:54:39.244+0000] {processor.py:826} INFO - Processing file /workspaces/hands-on-introduction-data-engineering-4395021/airflow/dags/two_task_dag.py for tasks to queue
[2024-04-22T14:54:39.244+0000] {logging_mixin.py:150} INFO - [2024-04-22T14:54:39.244+0000] {dagbag.py:541} INFO - Filling up the DagBag from /workspaces/hands-on-introduction-data-engineering-4395021/airflow/dags/two_task_dag.py
[2024-04-22T14:54:39.252+0000] {processor.py:836} INFO - DAG(s) dict_keys(['two_task_dag']) retrieved from /workspaces/hands-on-introduction-data-engineering-4395021/airflow/dags/two_task_dag.py
[2024-04-22T14:54:39.267+0000] {logging_mixin.py:150} INFO - [2024-04-22T14:54:39.267+0000] {dag.py:2742} INFO - Sync 1 DAGs
[2024-04-22T14:54:39.282+0000] {logging_mixin.py:150} INFO - [2024-04-22T14:54:39.282+0000] {dag.py:3504} INFO - Setting next_dagrun for two_task_dag to None, run_after=None
[2024-04-22T14:54:39.320+0000] {processor.py:179} INFO - Processing /workspaces/hands-on-introduction-data-engineering-4395021/airflow/dags/two_task_dag.py took 0.078 seconds
[2024-04-22T14:55:09.384+0000] {processor.py:157} INFO - Started process (PID=21710) to work on /workspaces/hands-on-introduction-data-engineering-4395021/airflow/dags/two_task_dag.py
[2024-04-22T14:55:09.385+0000] {processor.py:826} INFO - Processing file /workspaces/hands-on-introduction-data-engineering-4395021/airflow/dags/two_task_dag.py for tasks to queue
[2024-04-22T14:55:09.386+0000] {logging_mixin.py:150} INFO - [2024-04-22T14:55:09.385+0000] {dagbag.py:541} INFO - Filling up the DagBag from /workspaces/hands-on-introduction-data-engineering-4395021/airflow/dags/two_task_dag.py
[2024-04-22T14:55:09.395+0000] {processor.py:836} INFO - DAG(s) dict_keys(['two_task_dag']) retrieved from /workspaces/hands-on-introduction-data-engineering-4395021/airflow/dags/two_task_dag.py
[2024-04-22T14:55:09.411+0000] {logging_mixin.py:150} INFO - [2024-04-22T14:55:09.411+0000] {dag.py:2742} INFO - Sync 1 DAGs
[2024-04-22T14:55:09.426+0000] {logging_mixin.py:150} INFO - [2024-04-22T14:55:09.426+0000] {dag.py:3504} INFO - Setting next_dagrun for two_task_dag to None, run_after=None
[2024-04-22T14:55:09.465+0000] {processor.py:179} INFO - Processing /workspaces/hands-on-introduction-data-engineering-4395021/airflow/dags/two_task_dag.py took 0.084 seconds
[2024-04-22T14:55:39.572+0000] {processor.py:157} INFO - Started process (PID=21882) to work on /workspaces/hands-on-introduction-data-engineering-4395021/airflow/dags/two_task_dag.py
[2024-04-22T14:55:39.573+0000] {processor.py:826} INFO - Processing file /workspaces/hands-on-introduction-data-engineering-4395021/airflow/dags/two_task_dag.py for tasks to queue
[2024-04-22T14:55:39.573+0000] {logging_mixin.py:150} INFO - [2024-04-22T14:55:39.573+0000] {dagbag.py:541} INFO - Filling up the DagBag from /workspaces/hands-on-introduction-data-engineering-4395021/airflow/dags/two_task_dag.py
[2024-04-22T14:55:39.581+0000] {processor.py:836} INFO - DAG(s) dict_keys(['two_task_dag']) retrieved from /workspaces/hands-on-introduction-data-engineering-4395021/airflow/dags/two_task_dag.py
[2024-04-22T14:55:39.595+0000] {logging_mixin.py:150} INFO - [2024-04-22T14:55:39.595+0000] {dag.py:2742} INFO - Sync 1 DAGs
[2024-04-22T14:55:39.610+0000] {logging_mixin.py:150} INFO - [2024-04-22T14:55:39.610+0000] {dag.py:3504} INFO - Setting next_dagrun for two_task_dag to None, run_after=None
[2024-04-22T14:55:39.651+0000] {processor.py:179} INFO - Processing /workspaces/hands-on-introduction-data-engineering-4395021/airflow/dags/two_task_dag.py took 0.082 seconds
[2024-04-22T14:56:09.733+0000] {processor.py:157} INFO - Started process (PID=22063) to work on /workspaces/hands-on-introduction-data-engineering-4395021/airflow/dags/two_task_dag.py
[2024-04-22T14:56:09.734+0000] {processor.py:826} INFO - Processing file /workspaces/hands-on-introduction-data-engineering-4395021/airflow/dags/two_task_dag.py for tasks to queue
[2024-04-22T14:56:09.735+0000] {logging_mixin.py:150} INFO - [2024-04-22T14:56:09.734+0000] {dagbag.py:541} INFO - Filling up the DagBag from /workspaces/hands-on-introduction-data-engineering-4395021/airflow/dags/two_task_dag.py
[2024-04-22T14:56:09.742+0000] {processor.py:836} INFO - DAG(s) dict_keys(['two_task_dag']) retrieved from /workspaces/hands-on-introduction-data-engineering-4395021/airflow/dags/two_task_dag.py
[2024-04-22T14:56:09.758+0000] {logging_mixin.py:150} INFO - [2024-04-22T14:56:09.757+0000] {dag.py:2742} INFO - Sync 1 DAGs
[2024-04-22T14:56:09.773+0000] {logging_mixin.py:150} INFO - [2024-04-22T14:56:09.772+0000] {dag.py:3504} INFO - Setting next_dagrun for two_task_dag to None, run_after=None
[2024-04-22T14:56:09.810+0000] {processor.py:179} INFO - Processing /workspaces/hands-on-introduction-data-engineering-4395021/airflow/dags/two_task_dag.py took 0.079 seconds
[2024-04-22T14:56:39.901+0000] {processor.py:157} INFO - Started process (PID=22256) to work on /workspaces/hands-on-introduction-data-engineering-4395021/airflow/dags/two_task_dag.py
[2024-04-22T14:56:39.901+0000] {processor.py:826} INFO - Processing file /workspaces/hands-on-introduction-data-engineering-4395021/airflow/dags/two_task_dag.py for tasks to queue
[2024-04-22T14:56:39.902+0000] {logging_mixin.py:150} INFO - [2024-04-22T14:56:39.902+0000] {dagbag.py:541} INFO - Filling up the DagBag from /workspaces/hands-on-introduction-data-engineering-4395021/airflow/dags/two_task_dag.py
[2024-04-22T14:56:39.911+0000] {processor.py:836} INFO - DAG(s) dict_keys(['two_task_dag']) retrieved from /workspaces/hands-on-introduction-data-engineering-4395021/airflow/dags/two_task_dag.py
[2024-04-22T14:56:39.926+0000] {logging_mixin.py:150} INFO - [2024-04-22T14:56:39.926+0000] {dag.py:2742} INFO - Sync 1 DAGs
[2024-04-22T14:56:39.942+0000] {logging_mixin.py:150} INFO - [2024-04-22T14:56:39.942+0000] {dag.py:3504} INFO - Setting next_dagrun for two_task_dag to None, run_after=None
[2024-04-22T14:56:39.981+0000] {processor.py:179} INFO - Processing /workspaces/hands-on-introduction-data-engineering-4395021/airflow/dags/two_task_dag.py took 0.083 seconds
