2024-04-23 17:49:09,793 INFO - Starting the scheduler
2024-04-23 17:49:09,793 INFO - Processing each file at most -1 times
2024-04-23 17:49:09,798 INFO - Launched DagFileProcessorManager with pid: 55246
2024-04-23 17:49:09,799 INFO - Resetting orphaned tasks for active dag runs
2024-04-23 17:49:09,802 INFO - Configured default timezone Timezone('UTC')
2024-04-23 17:54:09,933 INFO - Resetting orphaned tasks for active dag runs
2024-04-23 17:59:09,961 INFO - Resetting orphaned tasks for active dag runs
2024-04-23 18:04:10,237 INFO - Resetting orphaned tasks for active dag runs
2024-04-23 18:09:10,249 INFO - Resetting orphaned tasks for active dag runs
2024-04-23 18:14:10,284 INFO - Resetting orphaned tasks for active dag runs
2024-04-23 18:19:10,311 INFO - Resetting orphaned tasks for active dag runs
2024-04-23 18:24:10,337 INFO - Resetting orphaned tasks for active dag runs
2024-04-23 18:26:47,188 INFO - 1 tasks up for execution:
	<TaskInstance: transform_dag.transform_task manual__2024-04-23T18:26:46.790952+00:00 [scheduled]>
2024-04-23 18:26:47,188 INFO - DAG transform_dag has 0/16 running and queued tasks
2024-04-23 18:26:47,188 INFO - Setting the following tasks to queued state:
	<TaskInstance: transform_dag.transform_task manual__2024-04-23T18:26:46.790952+00:00 [scheduled]>
2024-04-23 18:26:47,190 INFO - Sending TaskInstanceKey(dag_id='transform_dag', task_id='transform_task', run_id='manual__2024-04-23T18:26:46.790952+00:00', try_number=1, map_index=-1) to executor with priority 1 and queue default
2024-04-23 18:26:47,190 INFO - Adding to queue: ['airflow', 'tasks', 'run', 'transform_dag', 'transform_task', 'manual__2024-04-23T18:26:46.790952+00:00', '--local', '--subdir', 'DAGS_FOLDER/transform_dag.py']
2024-04-23 18:26:47,219 INFO - Executing command: ['airflow', 'tasks', 'run', 'transform_dag', 'transform_task', 'manual__2024-04-23T18:26:46.790952+00:00', '--local', '--subdir', 'DAGS_FOLDER/transform_dag.py']
2024-04-23 18:26:49,470 INFO - Received executor event with state success for task instance TaskInstanceKey(dag_id='transform_dag', task_id='transform_task', run_id='manual__2024-04-23T18:26:46.790952+00:00', try_number=1, map_index=-1)
2024-04-23 18:26:49,476 INFO - TaskInstance Finished: dag_id=transform_dag, task_id=transform_task, run_id=manual__2024-04-23T18:26:46.790952+00:00, map_index=-1, run_start_date=2024-04-23 18:26:48.899786+00:00, run_end_date=2024-04-23 18:26:49.094788+00:00, run_duration=0.195002, state=failed, executor_state=success, try_number=1, max_tries=0, job_id=2, pool=default_pool, queue=default, priority_weight=1, operator=PythonOperator, queued_dttm=2024-04-23 18:26:47.188916+00:00, queued_by_job_id=1, pid=69929
2024-04-23 18:26:49,505 ERROR - Marking run <DagRun transform_dag @ 2024-04-23 18:26:46.790952+00:00: manual__2024-04-23T18:26:46.790952+00:00, state:running, queued_at: 2024-04-23 18:26:46.832851+00:00. externally triggered: True> failed
2024-04-23 18:26:49,506 INFO - DagRun Finished: dag_id=transform_dag, execution_date=2024-04-23 18:26:46.790952+00:00, run_id=manual__2024-04-23T18:26:46.790952+00:00, run_start_date=2024-04-23 18:26:47.114297+00:00, run_end_date=2024-04-23 18:26:49.505980+00:00, run_duration=2.391683, state=failed, external_trigger=True, run_type=manual, data_interval_start=2024-04-23 18:26:46.790952+00:00, data_interval_end=2024-04-23 18:26:46.790952+00:00, dag_hash=3ce48d98050b57f4e240f966c9c0eb0f
2024-04-23 18:27:52,231 INFO - 1 tasks up for execution:
	<TaskInstance: transform_dag.transform_task manual__2024-04-23T18:27:51.371554+00:00 [scheduled]>
2024-04-23 18:27:52,231 INFO - DAG transform_dag has 0/16 running and queued tasks
2024-04-23 18:27:52,231 INFO - Setting the following tasks to queued state:
	<TaskInstance: transform_dag.transform_task manual__2024-04-23T18:27:51.371554+00:00 [scheduled]>
2024-04-23 18:27:52,232 INFO - Sending TaskInstanceKey(dag_id='transform_dag', task_id='transform_task', run_id='manual__2024-04-23T18:27:51.371554+00:00', try_number=1, map_index=-1) to executor with priority 1 and queue default
2024-04-23 18:27:52,232 INFO - Adding to queue: ['airflow', 'tasks', 'run', 'transform_dag', 'transform_task', 'manual__2024-04-23T18:27:51.371554+00:00', '--local', '--subdir', 'DAGS_FOLDER/transform_dag.py']
2024-04-23 18:27:52,261 INFO - Executing command: ['airflow', 'tasks', 'run', 'transform_dag', 'transform_task', 'manual__2024-04-23T18:27:51.371554+00:00', '--local', '--subdir', 'DAGS_FOLDER/transform_dag.py']
2024-04-23 18:27:54,477 INFO - Received executor event with state success for task instance TaskInstanceKey(dag_id='transform_dag', task_id='transform_task', run_id='manual__2024-04-23T18:27:51.371554+00:00', try_number=1, map_index=-1)
2024-04-23 18:27:54,480 INFO - TaskInstance Finished: dag_id=transform_dag, task_id=transform_task, run_id=manual__2024-04-23T18:27:51.371554+00:00, map_index=-1, run_start_date=2024-04-23 18:27:53.913713+00:00, run_end_date=2024-04-23 18:27:54.120755+00:00, run_duration=0.207042, state=failed, executor_state=success, try_number=1, max_tries=0, job_id=3, pool=default_pool, queue=default, priority_weight=1, operator=PythonOperator, queued_dttm=2024-04-23 18:27:52.231952+00:00, queued_by_job_id=1, pid=70243
2024-04-23 18:27:54,919 ERROR - Marking run <DagRun transform_dag @ 2024-04-23 18:27:51.371554+00:00: manual__2024-04-23T18:27:51.371554+00:00, state:running, queued_at: 2024-04-23 18:27:51.380095+00:00. externally triggered: True> failed
2024-04-23 18:27:54,920 INFO - DagRun Finished: dag_id=transform_dag, execution_date=2024-04-23 18:27:51.371554+00:00, run_id=manual__2024-04-23T18:27:51.371554+00:00, run_start_date=2024-04-23 18:27:52.159628+00:00, run_end_date=2024-04-23 18:27:54.920254+00:00, run_duration=2.760626, state=failed, external_trigger=True, run_type=manual, data_interval_start=2024-04-23 18:27:51.371554+00:00, data_interval_end=2024-04-23 18:27:51.371554+00:00, dag_hash=3ce48d98050b57f4e240f966c9c0eb0f
2024-04-23 18:29:10,364 INFO - Resetting orphaned tasks for active dag runs
2024-04-23 18:34:10,391 INFO - Resetting orphaned tasks for active dag runs
2024-04-23 18:34:53,760 INFO - 1 tasks up for execution:
	<TaskInstance: transform_dag.transform_task manual__2024-04-23T18:34:52.150784+00:00 [scheduled]>
2024-04-23 18:34:53,760 INFO - DAG transform_dag has 0/16 running and queued tasks
2024-04-23 18:34:53,761 INFO - Setting the following tasks to queued state:
	<TaskInstance: transform_dag.transform_task manual__2024-04-23T18:34:52.150784+00:00 [scheduled]>
2024-04-23 18:34:53,762 INFO - Sending TaskInstanceKey(dag_id='transform_dag', task_id='transform_task', run_id='manual__2024-04-23T18:34:52.150784+00:00', try_number=1, map_index=-1) to executor with priority 1 and queue default
2024-04-23 18:34:53,762 INFO - Adding to queue: ['airflow', 'tasks', 'run', 'transform_dag', 'transform_task', 'manual__2024-04-23T18:34:52.150784+00:00', '--local', '--subdir', 'DAGS_FOLDER/transform_dag.py']
2024-04-23 18:34:53,790 INFO - Executing command: ['airflow', 'tasks', 'run', 'transform_dag', 'transform_task', 'manual__2024-04-23T18:34:52.150784+00:00', '--local', '--subdir', 'DAGS_FOLDER/transform_dag.py']
2024-04-23 18:34:56,024 INFO - Received executor event with state success for task instance TaskInstanceKey(dag_id='transform_dag', task_id='transform_task', run_id='manual__2024-04-23T18:34:52.150784+00:00', try_number=1, map_index=-1)
2024-04-23 18:34:56,027 INFO - TaskInstance Finished: dag_id=transform_dag, task_id=transform_task, run_id=manual__2024-04-23T18:34:52.150784+00:00, map_index=-1, run_start_date=2024-04-23 18:34:55.439483+00:00, run_end_date=2024-04-23 18:34:55.660507+00:00, run_duration=0.221024, state=success, executor_state=success, try_number=1, max_tries=0, job_id=4, pool=default_pool, queue=default, priority_weight=1, operator=PythonOperator, queued_dttm=2024-04-23 18:34:53.761494+00:00, queued_by_job_id=1, pid=72588
2024-04-23 18:34:56,096 INFO - Marking run <DagRun transform_dag @ 2024-04-23 18:34:52.150784+00:00: manual__2024-04-23T18:34:52.150784+00:00, state:running, queued_at: 2024-04-23 18:34:52.155064+00:00. externally triggered: True> successful
2024-04-23 18:34:56,096 INFO - DagRun Finished: dag_id=transform_dag, execution_date=2024-04-23 18:34:52.150784+00:00, run_id=manual__2024-04-23T18:34:52.150784+00:00, run_start_date=2024-04-23 18:34:53.688078+00:00, run_end_date=2024-04-23 18:34:56.096907+00:00, run_duration=2.408829, state=success, external_trigger=True, run_type=manual, data_interval_start=2024-04-23 18:34:52.150784+00:00, data_interval_end=2024-04-23 18:34:52.150784+00:00, dag_hash=3ce48d98050b57f4e240f966c9c0eb0f
2024-04-23 18:38:11,351 INFO - Exiting gracefully upon receiving signal 15
2024-04-23 18:38:12,355 INFO - Sending Signals.SIGTERM to group 55246. PIDs of all processes in the group: [55246]
2024-04-23 18:38:12,355 INFO - Sending the signal Signals.SIGTERM to group 55246
2024-04-23 18:38:12,567 INFO - Process psutil.Process(pid=55246, status='terminated', exitcode=0, started='17:49:09') (55246) terminated with exit code 0
2024-04-23 18:38:12,570 INFO - Sending Signals.SIGTERM to group 55246. PIDs of all processes in the group: []
2024-04-23 18:38:12,570 INFO - Sending the signal Signals.SIGTERM to group 55246
2024-04-23 18:38:12,570 INFO - Sending the signal Signals.SIGTERM to process 55246 as process group is missing.
2024-04-23 18:38:12,571 INFO - Exited execute loop
