[2024-04-20T08:48:28.415+0000] {processor.py:157} INFO - Started process (PID=20496) to work on /usr/local/python/3.10.13/lib/python3.10/site-packages/airflow/example_dags/example_branch_datetime_operator.py
[2024-04-20T08:48:28.416+0000] {processor.py:826} INFO - Processing file /usr/local/python/3.10.13/lib/python3.10/site-packages/airflow/example_dags/example_branch_datetime_operator.py for tasks to queue
[2024-04-20T08:48:28.416+0000] {logging_mixin.py:150} INFO - [2024-04-20T08:48:28.416+0000] {dagbag.py:541} INFO - Filling up the DagBag from /usr/local/python/3.10.13/lib/python3.10/site-packages/airflow/example_dags/example_branch_datetime_operator.py
[2024-04-20T08:48:28.424+0000] {processor.py:836} INFO - DAG(s) dict_keys(['example_branch_datetime_operator_2', 'example_branch_datetime_operator_3', 'example_branch_datetime_operator']) retrieved from /usr/local/python/3.10.13/lib/python3.10/site-packages/airflow/example_dags/example_branch_datetime_operator.py
[2024-04-20T08:48:28.562+0000] {logging_mixin.py:150} INFO - [2024-04-20T08:48:28.562+0000] {manager.py:504} INFO - Created Permission View: can read on DAG:example_branch_datetime_operator_2
[2024-04-20T08:48:28.610+0000] {logging_mixin.py:150} INFO - [2024-04-20T08:48:28.609+0000] {manager.py:504} INFO - Created Permission View: can delete on DAG:example_branch_datetime_operator_2
[2024-04-20T08:48:28.645+0000] {logging_mixin.py:150} INFO - [2024-04-20T08:48:28.645+0000] {manager.py:504} INFO - Created Permission View: can edit on DAG:example_branch_datetime_operator_2
[2024-04-20T08:48:28.731+0000] {logging_mixin.py:150} INFO - [2024-04-20T08:48:28.731+0000] {manager.py:504} INFO - Created Permission View: can read on DAG:example_branch_datetime_operator_3
[2024-04-20T08:48:28.763+0000] {logging_mixin.py:150} INFO - [2024-04-20T08:48:28.763+0000] {manager.py:504} INFO - Created Permission View: can delete on DAG:example_branch_datetime_operator_3
[2024-04-20T08:48:28.795+0000] {logging_mixin.py:150} INFO - [2024-04-20T08:48:28.795+0000] {manager.py:504} INFO - Created Permission View: can edit on DAG:example_branch_datetime_operator_3
[2024-04-20T08:48:28.875+0000] {logging_mixin.py:150} INFO - [2024-04-20T08:48:28.874+0000] {manager.py:504} INFO - Created Permission View: can read on DAG:example_branch_datetime_operator
[2024-04-20T08:48:28.907+0000] {logging_mixin.py:150} INFO - [2024-04-20T08:48:28.907+0000] {manager.py:504} INFO - Created Permission View: can delete on DAG:example_branch_datetime_operator
[2024-04-20T08:48:28.940+0000] {logging_mixin.py:150} INFO - [2024-04-20T08:48:28.940+0000] {manager.py:504} INFO - Created Permission View: can edit on DAG:example_branch_datetime_operator
[2024-04-20T08:48:28.944+0000] {logging_mixin.py:150} INFO - [2024-04-20T08:48:28.944+0000] {dag.py:2742} INFO - Sync 3 DAGs
[2024-04-20T08:48:28.952+0000] {logging_mixin.py:150} INFO - [2024-04-20T08:48:28.952+0000] {dag.py:2763} INFO - Creating ORM DAG for example_branch_datetime_operator
[2024-04-20T08:48:28.952+0000] {logging_mixin.py:150} INFO - [2024-04-20T08:48:28.952+0000] {dag.py:2763} INFO - Creating ORM DAG for example_branch_datetime_operator_2
[2024-04-20T08:48:28.953+0000] {logging_mixin.py:150} INFO - [2024-04-20T08:48:28.953+0000] {dag.py:2763} INFO - Creating ORM DAG for example_branch_datetime_operator_3
[2024-04-20T08:48:28.962+0000] {logging_mixin.py:150} INFO - [2024-04-20T08:48:28.962+0000] {dag.py:3504} INFO - Setting next_dagrun for example_branch_datetime_operator to 2024-04-19T00:00:00+00:00, run_after=2024-04-20T00:00:00+00:00
[2024-04-20T08:48:28.964+0000] {logging_mixin.py:150} INFO - [2024-04-20T08:48:28.963+0000] {dag.py:3504} INFO - Setting next_dagrun for example_branch_datetime_operator_2 to 2024-04-19T00:00:00+00:00, run_after=2024-04-20T00:00:00+00:00
[2024-04-20T08:48:28.965+0000] {logging_mixin.py:150} INFO - [2024-04-20T08:48:28.965+0000] {dag.py:3504} INFO - Setting next_dagrun for example_branch_datetime_operator_3 to 2024-04-19T00:00:00+00:00, run_after=2024-04-20T00:00:00+00:00
[2024-04-20T08:48:29.022+0000] {processor.py:179} INFO - Processing /usr/local/python/3.10.13/lib/python3.10/site-packages/airflow/example_dags/example_branch_datetime_operator.py took 0.609 seconds
[2024-04-20T08:49:15.925+0000] {processor.py:157} INFO - Started process (PID=20835) to work on /usr/local/python/3.10.13/lib/python3.10/site-packages/airflow/example_dags/example_branch_datetime_operator.py
[2024-04-20T08:49:15.925+0000] {processor.py:826} INFO - Processing file /usr/local/python/3.10.13/lib/python3.10/site-packages/airflow/example_dags/example_branch_datetime_operator.py for tasks to queue
[2024-04-20T08:49:15.926+0000] {logging_mixin.py:150} INFO - [2024-04-20T08:49:15.926+0000] {dagbag.py:541} INFO - Filling up the DagBag from /usr/local/python/3.10.13/lib/python3.10/site-packages/airflow/example_dags/example_branch_datetime_operator.py
[2024-04-20T08:49:15.933+0000] {processor.py:836} INFO - DAG(s) dict_keys(['example_branch_datetime_operator_3', 'example_branch_datetime_operator_2', 'example_branch_datetime_operator']) retrieved from /usr/local/python/3.10.13/lib/python3.10/site-packages/airflow/example_dags/example_branch_datetime_operator.py
[2024-04-20T08:49:15.950+0000] {logging_mixin.py:150} INFO - [2024-04-20T08:49:15.950+0000] {dag.py:2742} INFO - Sync 3 DAGs
[2024-04-20T08:49:15.966+0000] {logging_mixin.py:150} INFO - [2024-04-20T08:49:15.966+0000] {dag.py:3504} INFO - Setting next_dagrun for example_branch_datetime_operator to 2024-04-19T00:00:00+00:00, run_after=2024-04-20T00:00:00+00:00
[2024-04-20T08:49:15.970+0000] {logging_mixin.py:150} INFO - [2024-04-20T08:49:15.969+0000] {dag.py:3504} INFO - Setting next_dagrun for example_branch_datetime_operator_2 to 2024-04-19T00:00:00+00:00, run_after=2024-04-20T00:00:00+00:00
[2024-04-20T08:49:15.972+0000] {logging_mixin.py:150} INFO - [2024-04-20T08:49:15.971+0000] {dag.py:3504} INFO - Setting next_dagrun for example_branch_datetime_operator_3 to 2024-04-19T00:00:00+00:00, run_after=2024-04-20T00:00:00+00:00
[2024-04-20T08:49:16.012+0000] {processor.py:179} INFO - Processing /usr/local/python/3.10.13/lib/python3.10/site-packages/airflow/example_dags/example_branch_datetime_operator.py took 0.090 seconds
