[2024-04-20T08:48:15.808+0000] {processor.py:157} INFO - Started process (PID=20420) to work on /usr/local/python/3.10.13/lib/python3.10/site-packages/airflow/example_dags/example_local_kubernetes_executor.py
[2024-04-20T08:48:15.809+0000] {processor.py:826} INFO - Processing file /usr/local/python/3.10.13/lib/python3.10/site-packages/airflow/example_dags/example_local_kubernetes_executor.py for tasks to queue
[2024-04-20T08:48:15.810+0000] {logging_mixin.py:150} INFO - [2024-04-20T08:48:15.809+0000] {dagbag.py:541} INFO - Filling up the DagBag from /usr/local/python/3.10.13/lib/python3.10/site-packages/airflow/example_dags/example_local_kubernetes_executor.py
[2024-04-20T08:48:15.812+0000] {logging_mixin.py:150} INFO - [2024-04-20T08:48:15.812+0000] {example_local_kubernetes_executor.py:39} WARNING - Could not import DAGs in example_local_kubernetes_executor.py
Traceback (most recent call last):
  File "/usr/local/python/3.10.13/lib/python3.10/site-packages/airflow/example_dags/example_local_kubernetes_executor.py", line 37, in <module>
    from kubernetes.client import models as k8s
ModuleNotFoundError: No module named 'kubernetes'
[2024-04-20T08:48:15.812+0000] {logging_mixin.py:150} INFO - [2024-04-20T08:48:15.812+0000] {example_local_kubernetes_executor.py:40} WARNING - Install Kubernetes dependencies with: pip install apache-airflow[cncf.kubernetes]
[2024-04-20T08:48:15.813+0000] {processor.py:838} WARNING - No viable dags retrieved from /usr/local/python/3.10.13/lib/python3.10/site-packages/airflow/example_dags/example_local_kubernetes_executor.py
[2024-04-20T08:48:15.821+0000] {processor.py:179} INFO - Processing /usr/local/python/3.10.13/lib/python3.10/site-packages/airflow/example_dags/example_local_kubernetes_executor.py took 0.015 seconds
[2024-04-20T08:49:06.648+0000] {processor.py:157} INFO - Started process (PID=20766) to work on /usr/local/python/3.10.13/lib/python3.10/site-packages/airflow/example_dags/example_local_kubernetes_executor.py
[2024-04-20T08:49:06.648+0000] {processor.py:826} INFO - Processing file /usr/local/python/3.10.13/lib/python3.10/site-packages/airflow/example_dags/example_local_kubernetes_executor.py for tasks to queue
[2024-04-20T08:49:06.650+0000] {logging_mixin.py:150} INFO - [2024-04-20T08:49:06.650+0000] {dagbag.py:541} INFO - Filling up the DagBag from /usr/local/python/3.10.13/lib/python3.10/site-packages/airflow/example_dags/example_local_kubernetes_executor.py
[2024-04-20T08:49:06.655+0000] {logging_mixin.py:150} INFO - [2024-04-20T08:49:06.654+0000] {example_local_kubernetes_executor.py:39} WARNING - Could not import DAGs in example_local_kubernetes_executor.py
Traceback (most recent call last):
  File "/usr/local/python/3.10.13/lib/python3.10/site-packages/airflow/example_dags/example_local_kubernetes_executor.py", line 37, in <module>
    from kubernetes.client import models as k8s
ModuleNotFoundError: No module named 'kubernetes'
[2024-04-20T08:49:06.655+0000] {logging_mixin.py:150} INFO - [2024-04-20T08:49:06.655+0000] {example_local_kubernetes_executor.py:40} WARNING - Install Kubernetes dependencies with: pip install apache-airflow[cncf.kubernetes]
[2024-04-20T08:49:06.656+0000] {processor.py:838} WARNING - No viable dags retrieved from /usr/local/python/3.10.13/lib/python3.10/site-packages/airflow/example_dags/example_local_kubernetes_executor.py
[2024-04-20T08:49:06.665+0000] {processor.py:179} INFO - Processing /usr/local/python/3.10.13/lib/python3.10/site-packages/airflow/example_dags/example_local_kubernetes_executor.py took 0.021 seconds
