[2024-04-20T08:47:59.997+0000] {processor.py:157} INFO - Started process (PID=20303) to work on /usr/local/python/3.10.13/lib/python3.10/site-packages/airflow/example_dags/example_subdag_operator.py
[2024-04-20T08:47:59.998+0000] {processor.py:826} INFO - Processing file /usr/local/python/3.10.13/lib/python3.10/site-packages/airflow/example_dags/example_subdag_operator.py for tasks to queue
[2024-04-20T08:47:59.998+0000] {logging_mixin.py:150} INFO - [2024-04-20T08:47:59.998+0000] {dagbag.py:541} INFO - Filling up the DagBag from /usr/local/python/3.10.13/lib/python3.10/site-packages/airflow/example_dags/example_subdag_operator.py
[2024-04-20T08:48:00.013+0000] {processor.py:836} INFO - DAG(s) dict_keys(['example_subdag_operator.section-1', 'example_subdag_operator.section-2', 'example_subdag_operator']) retrieved from /usr/local/python/3.10.13/lib/python3.10/site-packages/airflow/example_dags/example_subdag_operator.py
[2024-04-20T08:48:00.160+0000] {logging_mixin.py:150} INFO - [2024-04-20T08:48:00.159+0000] {manager.py:504} INFO - Created Permission View: can read on DAG:example_subdag_operator
[2024-04-20T08:48:00.199+0000] {logging_mixin.py:150} INFO - [2024-04-20T08:48:00.199+0000] {manager.py:504} INFO - Created Permission View: can delete on DAG:example_subdag_operator
[2024-04-20T08:48:00.233+0000] {logging_mixin.py:150} INFO - [2024-04-20T08:48:00.233+0000] {manager.py:504} INFO - Created Permission View: can edit on DAG:example_subdag_operator
[2024-04-20T08:48:00.243+0000] {logging_mixin.py:150} INFO - [2024-04-20T08:48:00.242+0000] {dag.py:2742} INFO - Sync 3 DAGs
[2024-04-20T08:48:00.250+0000] {logging_mixin.py:150} INFO - [2024-04-20T08:48:00.250+0000] {dag.py:2763} INFO - Creating ORM DAG for example_subdag_operator
[2024-04-20T08:48:00.250+0000] {logging_mixin.py:150} INFO - [2024-04-20T08:48:00.250+0000] {dag.py:2763} INFO - Creating ORM DAG for example_subdag_operator.section-2
[2024-04-20T08:48:00.251+0000] {logging_mixin.py:150} INFO - [2024-04-20T08:48:00.251+0000] {dag.py:2763} INFO - Creating ORM DAG for example_subdag_operator.section-1
[2024-04-20T08:48:00.257+0000] {logging_mixin.py:150} INFO - [2024-04-20T08:48:00.257+0000] {dag.py:3504} INFO - Setting next_dagrun for example_subdag_operator to 2022-01-01T00:00:00+00:00, run_after=2022-01-01T00:00:00+00:00
[2024-04-20T08:48:00.258+0000] {logging_mixin.py:150} INFO - [2024-04-20T08:48:00.257+0000] {dag.py:3504} INFO - Setting next_dagrun for example_subdag_operator.section-1 to None, run_after=None
[2024-04-20T08:48:00.258+0000] {logging_mixin.py:150} INFO - [2024-04-20T08:48:00.258+0000] {dag.py:3504} INFO - Setting next_dagrun for example_subdag_operator.section-2 to None, run_after=None
[2024-04-20T08:48:00.263+0000] {logging_mixin.py:150} INFO - [2024-04-20T08:48:00.263+0000] {dag.py:2742} INFO - Sync 2 DAGs
[2024-04-20T08:48:00.266+0000] {logging_mixin.py:150} INFO - [2024-04-20T08:48:00.266+0000] {dag.py:3504} INFO - Setting next_dagrun for example_subdag_operator.section-1 to None, run_after=None
[2024-04-20T08:48:00.267+0000] {logging_mixin.py:150} INFO - [2024-04-20T08:48:00.267+0000] {dag.py:3504} INFO - Setting next_dagrun for example_subdag_operator.section-2 to None, run_after=None
[2024-04-20T08:48:00.307+0000] {processor.py:179} INFO - Processing /usr/local/python/3.10.13/lib/python3.10/site-packages/airflow/example_dags/example_subdag_operator.py took 0.313 seconds
[2024-04-20T08:48:53.782+0000] {processor.py:157} INFO - Started process (PID=20680) to work on /usr/local/python/3.10.13/lib/python3.10/site-packages/airflow/example_dags/example_subdag_operator.py
[2024-04-20T08:48:53.783+0000] {processor.py:826} INFO - Processing file /usr/local/python/3.10.13/lib/python3.10/site-packages/airflow/example_dags/example_subdag_operator.py for tasks to queue
[2024-04-20T08:48:53.783+0000] {logging_mixin.py:150} INFO - [2024-04-20T08:48:53.783+0000] {dagbag.py:541} INFO - Filling up the DagBag from /usr/local/python/3.10.13/lib/python3.10/site-packages/airflow/example_dags/example_subdag_operator.py
[2024-04-20T08:48:53.798+0000] {processor.py:836} INFO - DAG(s) dict_keys(['example_subdag_operator.section-1', 'example_subdag_operator.section-2', 'example_subdag_operator']) retrieved from /usr/local/python/3.10.13/lib/python3.10/site-packages/airflow/example_dags/example_subdag_operator.py
[2024-04-20T08:48:53.810+0000] {logging_mixin.py:150} INFO - [2024-04-20T08:48:53.810+0000] {dag.py:2742} INFO - Sync 3 DAGs
[2024-04-20T08:48:53.825+0000] {logging_mixin.py:150} INFO - [2024-04-20T08:48:53.825+0000] {dag.py:3504} INFO - Setting next_dagrun for example_subdag_operator to 2022-01-01T00:00:00+00:00, run_after=2022-01-01T00:00:00+00:00
[2024-04-20T08:48:53.828+0000] {logging_mixin.py:150} INFO - [2024-04-20T08:48:53.827+0000] {dag.py:3504} INFO - Setting next_dagrun for example_subdag_operator.section-1 to None, run_after=None
[2024-04-20T08:48:53.829+0000] {logging_mixin.py:150} INFO - [2024-04-20T08:48:53.828+0000] {dag.py:3504} INFO - Setting next_dagrun for example_subdag_operator.section-2 to None, run_after=None
[2024-04-20T08:48:53.833+0000] {logging_mixin.py:150} INFO - [2024-04-20T08:48:53.833+0000] {dag.py:2742} INFO - Sync 2 DAGs
[2024-04-20T08:48:53.836+0000] {logging_mixin.py:150} INFO - [2024-04-20T08:48:53.836+0000] {dag.py:3504} INFO - Setting next_dagrun for example_subdag_operator.section-1 to None, run_after=None
[2024-04-20T08:48:53.836+0000] {logging_mixin.py:150} INFO - [2024-04-20T08:48:53.836+0000] {dag.py:3504} INFO - Setting next_dagrun for example_subdag_operator.section-2 to None, run_after=None
[2024-04-20T08:48:53.874+0000] {processor.py:179} INFO - Processing /usr/local/python/3.10.13/lib/python3.10/site-packages/airflow/example_dags/example_subdag_operator.py took 0.094 seconds
