[2024-04-20T08:47:42.923+0000] {processor.py:157} INFO - Started process (PID=20207) to work on /usr/local/python/3.10.13/lib/python3.10/site-packages/airflow/example_dags/example_xcomargs.py
[2024-04-20T08:47:42.923+0000] {processor.py:826} INFO - Processing file /usr/local/python/3.10.13/lib/python3.10/site-packages/airflow/example_dags/example_xcomargs.py for tasks to queue
[2024-04-20T08:47:42.924+0000] {logging_mixin.py:150} INFO - [2024-04-20T08:47:42.924+0000] {dagbag.py:541} INFO - Filling up the DagBag from /usr/local/python/3.10.13/lib/python3.10/site-packages/airflow/example_dags/example_xcomargs.py
[2024-04-20T08:47:42.933+0000] {processor.py:836} INFO - DAG(s) dict_keys(['example_xcom_args', 'example_xcom_args_with_operators']) retrieved from /usr/local/python/3.10.13/lib/python3.10/site-packages/airflow/example_dags/example_xcomargs.py
[2024-04-20T08:47:43.082+0000] {logging_mixin.py:150} INFO - [2024-04-20T08:47:43.082+0000] {manager.py:504} INFO - Created Permission View: can read on DAG:example_xcom_args
[2024-04-20T08:47:43.119+0000] {logging_mixin.py:150} INFO - [2024-04-20T08:47:43.119+0000] {manager.py:504} INFO - Created Permission View: can delete on DAG:example_xcom_args
[2024-04-20T08:47:43.151+0000] {logging_mixin.py:150} INFO - [2024-04-20T08:47:43.151+0000] {manager.py:504} INFO - Created Permission View: can edit on DAG:example_xcom_args
[2024-04-20T08:47:43.229+0000] {logging_mixin.py:150} INFO - [2024-04-20T08:47:43.229+0000] {manager.py:504} INFO - Created Permission View: can read on DAG:example_xcom_args_with_operators
[2024-04-20T08:47:43.261+0000] {logging_mixin.py:150} INFO - [2024-04-20T08:47:43.261+0000] {manager.py:504} INFO - Created Permission View: can delete on DAG:example_xcom_args_with_operators
[2024-04-20T08:47:43.293+0000] {logging_mixin.py:150} INFO - [2024-04-20T08:47:43.293+0000] {manager.py:504} INFO - Created Permission View: can edit on DAG:example_xcom_args_with_operators
[2024-04-20T08:47:43.296+0000] {logging_mixin.py:150} INFO - [2024-04-20T08:47:43.296+0000] {dag.py:2742} INFO - Sync 2 DAGs
[2024-04-20T08:47:43.304+0000] {logging_mixin.py:150} INFO - [2024-04-20T08:47:43.304+0000] {dag.py:2763} INFO - Creating ORM DAG for example_xcom_args
[2024-04-20T08:47:43.305+0000] {logging_mixin.py:150} INFO - [2024-04-20T08:47:43.305+0000] {dag.py:2763} INFO - Creating ORM DAG for example_xcom_args_with_operators
[2024-04-20T08:47:43.311+0000] {logging_mixin.py:150} INFO - [2024-04-20T08:47:43.311+0000] {dag.py:3504} INFO - Setting next_dagrun for example_xcom_args to None, run_after=None
[2024-04-20T08:47:43.312+0000] {logging_mixin.py:150} INFO - [2024-04-20T08:47:43.312+0000] {dag.py:3504} INFO - Setting next_dagrun for example_xcom_args_with_operators to None, run_after=None
[2024-04-20T08:47:43.359+0000] {processor.py:179} INFO - Processing /usr/local/python/3.10.13/lib/python3.10/site-packages/airflow/example_dags/example_xcomargs.py took 0.438 seconds
[2024-04-20T08:48:43.268+0000] {processor.py:157} INFO - Started process (PID=20607) to work on /usr/local/python/3.10.13/lib/python3.10/site-packages/airflow/example_dags/example_xcomargs.py
[2024-04-20T08:48:43.269+0000] {processor.py:826} INFO - Processing file /usr/local/python/3.10.13/lib/python3.10/site-packages/airflow/example_dags/example_xcomargs.py for tasks to queue
[2024-04-20T08:48:43.269+0000] {logging_mixin.py:150} INFO - [2024-04-20T08:48:43.269+0000] {dagbag.py:541} INFO - Filling up the DagBag from /usr/local/python/3.10.13/lib/python3.10/site-packages/airflow/example_dags/example_xcomargs.py
[2024-04-20T08:48:43.275+0000] {processor.py:836} INFO - DAG(s) dict_keys(['example_xcom_args', 'example_xcom_args_with_operators']) retrieved from /usr/local/python/3.10.13/lib/python3.10/site-packages/airflow/example_dags/example_xcomargs.py
[2024-04-20T08:48:43.289+0000] {logging_mixin.py:150} INFO - [2024-04-20T08:48:43.289+0000] {dag.py:2742} INFO - Sync 2 DAGs
[2024-04-20T08:48:43.304+0000] {logging_mixin.py:150} INFO - [2024-04-20T08:48:43.304+0000] {dag.py:3504} INFO - Setting next_dagrun for example_xcom_args to None, run_after=None
[2024-04-20T08:48:43.306+0000] {logging_mixin.py:150} INFO - [2024-04-20T08:48:43.306+0000] {dag.py:3504} INFO - Setting next_dagrun for example_xcom_args_with_operators to None, run_after=None
[2024-04-20T08:48:43.346+0000] {processor.py:179} INFO - Processing /usr/local/python/3.10.13/lib/python3.10/site-packages/airflow/example_dags/example_xcomargs.py took 0.080 seconds
[2024-04-20T08:49:21.812+0000] {processor.py:157} INFO - Started process (PID=20870) to work on /usr/local/python/3.10.13/lib/python3.10/site-packages/airflow/example_dags/example_xcomargs.py
[2024-04-20T08:49:21.813+0000] {processor.py:826} INFO - Processing file /usr/local/python/3.10.13/lib/python3.10/site-packages/airflow/example_dags/example_xcomargs.py for tasks to queue
[2024-04-20T08:49:21.814+0000] {logging_mixin.py:150} INFO - [2024-04-20T08:49:21.814+0000] {dagbag.py:541} INFO - Filling up the DagBag from /usr/local/python/3.10.13/lib/python3.10/site-packages/airflow/example_dags/example_xcomargs.py
[2024-04-20T08:49:21.820+0000] {processor.py:836} INFO - DAG(s) dict_keys(['example_xcom_args', 'example_xcom_args_with_operators']) retrieved from /usr/local/python/3.10.13/lib/python3.10/site-packages/airflow/example_dags/example_xcomargs.py
[2024-04-20T08:49:21.835+0000] {logging_mixin.py:150} INFO - [2024-04-20T08:49:21.834+0000] {dag.py:2742} INFO - Sync 2 DAGs
[2024-04-20T08:49:21.850+0000] {logging_mixin.py:150} INFO - [2024-04-20T08:49:21.849+0000] {dag.py:3504} INFO - Setting next_dagrun for example_xcom_args to None, run_after=None
[2024-04-20T08:49:21.852+0000] {logging_mixin.py:150} INFO - [2024-04-20T08:49:21.852+0000] {dag.py:3504} INFO - Setting next_dagrun for example_xcom_args_with_operators to None, run_after=None
[2024-04-20T08:49:21.893+0000] {processor.py:179} INFO - Processing /usr/local/python/3.10.13/lib/python3.10/site-packages/airflow/example_dags/example_xcomargs.py took 0.083 seconds
