[2024-04-20T08:48:06.968+0000] {processor.py:157} INFO - Started process (PID=20364) to work on /usr/local/python/3.10.13/lib/python3.10/site-packages/airflow/example_dags/example_external_task_marker_dag.py
[2024-04-20T08:48:06.968+0000] {processor.py:826} INFO - Processing file /usr/local/python/3.10.13/lib/python3.10/site-packages/airflow/example_dags/example_external_task_marker_dag.py for tasks to queue
[2024-04-20T08:48:06.969+0000] {logging_mixin.py:150} INFO - [2024-04-20T08:48:06.968+0000] {dagbag.py:541} INFO - Filling up the DagBag from /usr/local/python/3.10.13/lib/python3.10/site-packages/airflow/example_dags/example_external_task_marker_dag.py
[2024-04-20T08:48:06.973+0000] {processor.py:836} INFO - DAG(s) dict_keys(['example_external_task_marker_parent', 'example_external_task_marker_child']) retrieved from /usr/local/python/3.10.13/lib/python3.10/site-packages/airflow/example_dags/example_external_task_marker_dag.py
[2024-04-20T08:48:07.116+0000] {logging_mixin.py:150} INFO - [2024-04-20T08:48:07.116+0000] {manager.py:504} INFO - Created Permission View: can read on DAG:example_external_task_marker_parent
[2024-04-20T08:48:07.154+0000] {logging_mixin.py:150} INFO - [2024-04-20T08:48:07.154+0000] {manager.py:504} INFO - Created Permission View: can delete on DAG:example_external_task_marker_parent
[2024-04-20T08:48:07.193+0000] {logging_mixin.py:150} INFO - [2024-04-20T08:48:07.193+0000] {manager.py:504} INFO - Created Permission View: can edit on DAG:example_external_task_marker_parent
[2024-04-20T08:48:07.284+0000] {logging_mixin.py:150} INFO - [2024-04-20T08:48:07.284+0000] {manager.py:504} INFO - Created Permission View: can read on DAG:example_external_task_marker_child
[2024-04-20T08:48:07.319+0000] {logging_mixin.py:150} INFO - [2024-04-20T08:48:07.319+0000] {manager.py:504} INFO - Created Permission View: can delete on DAG:example_external_task_marker_child
[2024-04-20T08:48:07.356+0000] {logging_mixin.py:150} INFO - [2024-04-20T08:48:07.356+0000] {manager.py:504} INFO - Created Permission View: can edit on DAG:example_external_task_marker_child
[2024-04-20T08:48:07.359+0000] {logging_mixin.py:150} INFO - [2024-04-20T08:48:07.359+0000] {dag.py:2742} INFO - Sync 2 DAGs
[2024-04-20T08:48:07.367+0000] {logging_mixin.py:150} INFO - [2024-04-20T08:48:07.367+0000] {dag.py:2763} INFO - Creating ORM DAG for example_external_task_marker_child
[2024-04-20T08:48:07.367+0000] {logging_mixin.py:150} INFO - [2024-04-20T08:48:07.367+0000] {dag.py:2763} INFO - Creating ORM DAG for example_external_task_marker_parent
[2024-04-20T08:48:07.374+0000] {logging_mixin.py:150} INFO - [2024-04-20T08:48:07.374+0000] {dag.py:3504} INFO - Setting next_dagrun for example_external_task_marker_child to None, run_after=None
[2024-04-20T08:48:07.374+0000] {logging_mixin.py:150} INFO - [2024-04-20T08:48:07.374+0000] {dag.py:3504} INFO - Setting next_dagrun for example_external_task_marker_parent to None, run_after=None
[2024-04-20T08:48:07.425+0000] {processor.py:179} INFO - Processing /usr/local/python/3.10.13/lib/python3.10/site-packages/airflow/example_dags/example_external_task_marker_dag.py took 0.460 seconds
[2024-04-20T08:48:59.491+0000] {processor.py:157} INFO - Started process (PID=20710) to work on /usr/local/python/3.10.13/lib/python3.10/site-packages/airflow/example_dags/example_external_task_marker_dag.py
[2024-04-20T08:48:59.492+0000] {processor.py:826} INFO - Processing file /usr/local/python/3.10.13/lib/python3.10/site-packages/airflow/example_dags/example_external_task_marker_dag.py for tasks to queue
[2024-04-20T08:48:59.492+0000] {logging_mixin.py:150} INFO - [2024-04-20T08:48:59.492+0000] {dagbag.py:541} INFO - Filling up the DagBag from /usr/local/python/3.10.13/lib/python3.10/site-packages/airflow/example_dags/example_external_task_marker_dag.py
[2024-04-20T08:48:59.496+0000] {processor.py:836} INFO - DAG(s) dict_keys(['example_external_task_marker_child', 'example_external_task_marker_parent']) retrieved from /usr/local/python/3.10.13/lib/python3.10/site-packages/airflow/example_dags/example_external_task_marker_dag.py
[2024-04-20T08:48:59.510+0000] {logging_mixin.py:150} INFO - [2024-04-20T08:48:59.510+0000] {dag.py:2742} INFO - Sync 2 DAGs
[2024-04-20T08:48:59.525+0000] {logging_mixin.py:150} INFO - [2024-04-20T08:48:59.525+0000] {dag.py:3504} INFO - Setting next_dagrun for example_external_task_marker_child to None, run_after=None
[2024-04-20T08:48:59.527+0000] {logging_mixin.py:150} INFO - [2024-04-20T08:48:59.527+0000] {dag.py:3504} INFO - Setting next_dagrun for example_external_task_marker_parent to None, run_after=None
[2024-04-20T08:48:59.568+0000] {processor.py:179} INFO - Processing /usr/local/python/3.10.13/lib/python3.10/site-packages/airflow/example_dags/example_external_task_marker_dag.py took 0.080 seconds
