[2024-04-20T08:47:41.370+0000] {processor.py:157} INFO - Started process (PID=20196) to work on /usr/local/python/3.10.13/lib/python3.10/site-packages/airflow/example_dags/tutorial_taskflow_api_virtualenv.py
[2024-04-20T08:47:41.371+0000] {processor.py:826} INFO - Processing file /usr/local/python/3.10.13/lib/python3.10/site-packages/airflow/example_dags/tutorial_taskflow_api_virtualenv.py for tasks to queue
[2024-04-20T08:47:41.372+0000] {logging_mixin.py:150} INFO - [2024-04-20T08:47:41.371+0000] {dagbag.py:541} INFO - Filling up the DagBag from /usr/local/python/3.10.13/lib/python3.10/site-packages/airflow/example_dags/tutorial_taskflow_api_virtualenv.py
[2024-04-20T08:47:41.531+0000] {processor.py:836} INFO - DAG(s) dict_keys(['tutorial_taskflow_api_virtualenv']) retrieved from /usr/local/python/3.10.13/lib/python3.10/site-packages/airflow/example_dags/tutorial_taskflow_api_virtualenv.py
[2024-04-20T08:47:41.679+0000] {logging_mixin.py:150} INFO - [2024-04-20T08:47:41.679+0000] {manager.py:504} INFO - Created Permission View: can read on DAG:tutorial_taskflow_api_virtualenv
[2024-04-20T08:47:41.713+0000] {logging_mixin.py:150} INFO - [2024-04-20T08:47:41.713+0000] {manager.py:504} INFO - Created Permission View: can delete on DAG:tutorial_taskflow_api_virtualenv
[2024-04-20T08:47:41.749+0000] {logging_mixin.py:150} INFO - [2024-04-20T08:47:41.749+0000] {manager.py:504} INFO - Created Permission View: can edit on DAG:tutorial_taskflow_api_virtualenv
[2024-04-20T08:47:41.761+0000] {logging_mixin.py:150} INFO - [2024-04-20T08:47:41.761+0000] {dag.py:2742} INFO - Sync 1 DAGs
[2024-04-20T08:47:41.773+0000] {logging_mixin.py:150} INFO - [2024-04-20T08:47:41.773+0000] {dag.py:2763} INFO - Creating ORM DAG for tutorial_taskflow_api_virtualenv
[2024-04-20T08:47:41.785+0000] {logging_mixin.py:150} INFO - [2024-04-20T08:47:41.785+0000] {dag.py:3504} INFO - Setting next_dagrun for tutorial_taskflow_api_virtualenv to None, run_after=None
[2024-04-20T08:47:41.836+0000] {processor.py:179} INFO - Processing /usr/local/python/3.10.13/lib/python3.10/site-packages/airflow/example_dags/tutorial_taskflow_api_virtualenv.py took 0.469 seconds
[2024-04-20T08:48:42.136+0000] {processor.py:157} INFO - Started process (PID=20606) to work on /usr/local/python/3.10.13/lib/python3.10/site-packages/airflow/example_dags/tutorial_taskflow_api_virtualenv.py
[2024-04-20T08:48:42.136+0000] {processor.py:826} INFO - Processing file /usr/local/python/3.10.13/lib/python3.10/site-packages/airflow/example_dags/tutorial_taskflow_api_virtualenv.py for tasks to queue
[2024-04-20T08:48:42.137+0000] {logging_mixin.py:150} INFO - [2024-04-20T08:48:42.137+0000] {dagbag.py:541} INFO - Filling up the DagBag from /usr/local/python/3.10.13/lib/python3.10/site-packages/airflow/example_dags/tutorial_taskflow_api_virtualenv.py
[2024-04-20T08:48:42.144+0000] {processor.py:836} INFO - DAG(s) dict_keys(['tutorial_taskflow_api_virtualenv']) retrieved from /usr/local/python/3.10.13/lib/python3.10/site-packages/airflow/example_dags/tutorial_taskflow_api_virtualenv.py
[2024-04-20T08:48:42.156+0000] {logging_mixin.py:150} INFO - [2024-04-20T08:48:42.155+0000] {dag.py:2742} INFO - Sync 1 DAGs
[2024-04-20T08:48:42.172+0000] {logging_mixin.py:150} INFO - [2024-04-20T08:48:42.171+0000] {dag.py:3504} INFO - Setting next_dagrun for tutorial_taskflow_api_virtualenv to None, run_after=None
[2024-04-20T08:48:42.215+0000] {processor.py:179} INFO - Processing /usr/local/python/3.10.13/lib/python3.10/site-packages/airflow/example_dags/tutorial_taskflow_api_virtualenv.py took 0.082 seconds
[2024-04-20T08:49:21.092+0000] {processor.py:157} INFO - Started process (PID=20869) to work on /usr/local/python/3.10.13/lib/python3.10/site-packages/airflow/example_dags/tutorial_taskflow_api_virtualenv.py
[2024-04-20T08:49:21.093+0000] {processor.py:826} INFO - Processing file /usr/local/python/3.10.13/lib/python3.10/site-packages/airflow/example_dags/tutorial_taskflow_api_virtualenv.py for tasks to queue
[2024-04-20T08:49:21.095+0000] {logging_mixin.py:150} INFO - [2024-04-20T08:49:21.094+0000] {dagbag.py:541} INFO - Filling up the DagBag from /usr/local/python/3.10.13/lib/python3.10/site-packages/airflow/example_dags/tutorial_taskflow_api_virtualenv.py
[2024-04-20T08:49:21.101+0000] {processor.py:836} INFO - DAG(s) dict_keys(['tutorial_taskflow_api_virtualenv']) retrieved from /usr/local/python/3.10.13/lib/python3.10/site-packages/airflow/example_dags/tutorial_taskflow_api_virtualenv.py
[2024-04-20T08:49:21.113+0000] {logging_mixin.py:150} INFO - [2024-04-20T08:49:21.113+0000] {dag.py:2742} INFO - Sync 1 DAGs
[2024-04-20T08:49:21.129+0000] {logging_mixin.py:150} INFO - [2024-04-20T08:49:21.128+0000] {dag.py:3504} INFO - Setting next_dagrun for tutorial_taskflow_api_virtualenv to None, run_after=None
[2024-04-20T08:49:21.171+0000] {processor.py:179} INFO - Processing /usr/local/python/3.10.13/lib/python3.10/site-packages/airflow/example_dags/tutorial_taskflow_api_virtualenv.py took 0.082 seconds
