[2024-04-20T08:47:37.700+0000] {processor.py:157} INFO - Started process (PID=20160) to work on /usr/local/python/3.10.13/lib/python3.10/site-packages/airflow/example_dags/tutorial.py
[2024-04-20T08:47:37.701+0000] {processor.py:826} INFO - Processing file /usr/local/python/3.10.13/lib/python3.10/site-packages/airflow/example_dags/tutorial.py for tasks to queue
[2024-04-20T08:47:37.702+0000] {logging_mixin.py:150} INFO - [2024-04-20T08:47:37.701+0000] {dagbag.py:541} INFO - Filling up the DagBag from /usr/local/python/3.10.13/lib/python3.10/site-packages/airflow/example_dags/tutorial.py
[2024-04-20T08:47:37.709+0000] {processor.py:836} INFO - DAG(s) dict_keys(['tutorial']) retrieved from /usr/local/python/3.10.13/lib/python3.10/site-packages/airflow/example_dags/tutorial.py
[2024-04-20T08:47:37.853+0000] {logging_mixin.py:150} INFO - [2024-04-20T08:47:37.853+0000] {manager.py:504} INFO - Created Permission View: can read on DAG:tutorial
[2024-04-20T08:47:37.887+0000] {logging_mixin.py:150} INFO - [2024-04-20T08:47:37.887+0000] {manager.py:504} INFO - Created Permission View: can delete on DAG:tutorial
[2024-04-20T08:47:37.918+0000] {logging_mixin.py:150} INFO - [2024-04-20T08:47:37.918+0000] {manager.py:504} INFO - Created Permission View: can edit on DAG:tutorial
[2024-04-20T08:47:37.927+0000] {logging_mixin.py:150} INFO - [2024-04-20T08:47:37.927+0000] {dag.py:2742} INFO - Sync 1 DAGs
[2024-04-20T08:47:37.935+0000] {logging_mixin.py:150} INFO - [2024-04-20T08:47:37.935+0000] {dag.py:2763} INFO - Creating ORM DAG for tutorial
[2024-04-20T08:47:37.943+0000] {logging_mixin.py:150} INFO - [2024-04-20T08:47:37.943+0000] {dag.py:3504} INFO - Setting next_dagrun for tutorial to 2024-04-19T08:47:37.943000+00:00, run_after=2024-04-20T08:47:37.943000+00:00
[2024-04-20T08:47:37.990+0000] {processor.py:179} INFO - Processing /usr/local/python/3.10.13/lib/python3.10/site-packages/airflow/example_dags/tutorial.py took 0.291 seconds
[2024-04-20T08:48:39.198+0000] {processor.py:157} INFO - Started process (PID=20566) to work on /usr/local/python/3.10.13/lib/python3.10/site-packages/airflow/example_dags/tutorial.py
[2024-04-20T08:48:39.199+0000] {processor.py:826} INFO - Processing file /usr/local/python/3.10.13/lib/python3.10/site-packages/airflow/example_dags/tutorial.py for tasks to queue
[2024-04-20T08:48:39.200+0000] {logging_mixin.py:150} INFO - [2024-04-20T08:48:39.199+0000] {dagbag.py:541} INFO - Filling up the DagBag from /usr/local/python/3.10.13/lib/python3.10/site-packages/airflow/example_dags/tutorial.py
[2024-04-20T08:48:39.204+0000] {processor.py:836} INFO - DAG(s) dict_keys(['tutorial']) retrieved from /usr/local/python/3.10.13/lib/python3.10/site-packages/airflow/example_dags/tutorial.py
[2024-04-20T08:48:39.216+0000] {logging_mixin.py:150} INFO - [2024-04-20T08:48:39.216+0000] {dag.py:2742} INFO - Sync 1 DAGs
[2024-04-20T08:48:39.232+0000] {logging_mixin.py:150} INFO - [2024-04-20T08:48:39.232+0000] {dag.py:3504} INFO - Setting next_dagrun for tutorial to 2024-04-19T08:48:39.231945+00:00, run_after=2024-04-20T08:48:39.231945+00:00
[2024-04-20T08:48:39.278+0000] {processor.py:179} INFO - Processing /usr/local/python/3.10.13/lib/python3.10/site-packages/airflow/example_dags/tutorial.py took 0.081 seconds
[2024-04-20T08:49:19.405+0000] {processor.py:157} INFO - Started process (PID=20856) to work on /usr/local/python/3.10.13/lib/python3.10/site-packages/airflow/example_dags/tutorial.py
[2024-04-20T08:49:19.406+0000] {processor.py:826} INFO - Processing file /usr/local/python/3.10.13/lib/python3.10/site-packages/airflow/example_dags/tutorial.py for tasks to queue
[2024-04-20T08:49:19.407+0000] {logging_mixin.py:150} INFO - [2024-04-20T08:49:19.406+0000] {dagbag.py:541} INFO - Filling up the DagBag from /usr/local/python/3.10.13/lib/python3.10/site-packages/airflow/example_dags/tutorial.py
[2024-04-20T08:49:19.411+0000] {processor.py:836} INFO - DAG(s) dict_keys(['tutorial']) retrieved from /usr/local/python/3.10.13/lib/python3.10/site-packages/airflow/example_dags/tutorial.py
[2024-04-20T08:49:19.423+0000] {logging_mixin.py:150} INFO - [2024-04-20T08:49:19.423+0000] {dag.py:2742} INFO - Sync 1 DAGs
[2024-04-20T08:49:19.438+0000] {logging_mixin.py:150} INFO - [2024-04-20T08:49:19.438+0000] {dag.py:3504} INFO - Setting next_dagrun for tutorial to 2024-04-19T08:49:19.438277+00:00, run_after=2024-04-20T08:49:19.438277+00:00
[2024-04-20T08:49:19.481+0000] {processor.py:179} INFO - Processing /usr/local/python/3.10.13/lib/python3.10/site-packages/airflow/example_dags/tutorial.py took 0.078 seconds
